#
# There is insufficient memory for the Java Runtime Environment to continue.
# Native memory allocation (mmap) failed to map 6291456 bytes for G1 virtual space
# Possible reasons:
#   The system is out of physical RAM or swap space
#   The process is running with CompressedOops enabled, and the Java Heap may be blocking the growth of the native heap
# Possible solutions:
#   Reduce memory load on the system
#   Increase physical memory or swap space
#   Check if swap backing store is full
#   Decrease Java heap size (-Xmx/-Xms)
#   Decrease number of Java threads
#   Decrease Java thread stack sizes (-Xss)
#   Set larger code cache with -XX:ReservedCodeCacheSize=
#   JVM is running with Zero Based Compressed Oops mode in which the Java heap is
#     placed in the first 32GB address space. The Java Heap base address is the
#     maximum limit for the native heap growth. Please use -XX:HeapBaseMinAddress
#     to set the Java Heap base and to place the Java Heap above 32GB virtual address.
# This output file may be truncated or incomplete.
#
#  Out of Memory Error (os_windows.cpp:3769), pid=2476, tid=27204
#
# JRE version:  (17.0.6) (build )
# Java VM: OpenJDK 64-Bit Server VM (17.0.6+0-b2043.56-9586694, mixed mode, sharing, tiered, compressed oops, compressed class ptrs, g1 gc, windows-amd64)
# No core dump will be written. Minidumps are not enabled by default on client versions of Windows
#

---------------  S U M M A R Y ------------

Command Line: 

Host: Intel(R) Core(TM) i7-8565U CPU @ 1.80GHz, 8 cores, 23G,  Windows 11 , 64 bit Build 22000 (10.0.22000.708)
Time: Tue Feb 20 20:56:48 2024 Arabian Standard Time elapsed time: 0.020548 seconds (0d 0h 0m 0s)

---------------  T H R E A D  ---------------

Current thread (0x0000024a95fb5920):  JavaThread "Unknown thread" [_thread_in_vm, id=27204, stack(0x000000626fe00000,0x000000626ff00000)]

Stack: [0x000000626fe00000,0x000000626ff00000]
Native frames: (J=compiled Java code, j=interpreted, Vv=VM code, C=native code)
V  [jvm.dll+0x683b4a]
V  [jvm.dll+0x842654]
V  [jvm.dll+0x843dfe]
V  [jvm.dll+0x844463]
V  [jvm.dll+0x249b75]
V  [jvm.dll+0x680a19]
V  [jvm.dll+0x674f0a]
V  [jvm.dll+0x309acb]
V  [jvm.dll+0x310f86]
V  [jvm.dll+0x360903]
V  [jvm.dll+0x360b1f]
V  [jvm.dll+0x2dfbf8]
V  [jvm.dll+0x2e0b64]
V  [jvm.dll+0x813f41]
V  [jvm.dll+0x36e6a1]
V  [jvm.dll+0x7f347c]
V  [jvm.dll+0x3f0e8f]
V  [jvm.dll+0x3f29d1]
C  [jli.dll+0x526b]
C  [ucrtbase.dll+0x26c0c]
C  [KERNEL32.DLL+0x154e0]
C  [ntdll.dll+0x485b]


---------------  P R O C E S S  ---------------

Threads class SMR info:
_java_thread_list=0x00007ffefaf9c058, length=0, elements={
}

Java Threads: ( => current thread )

Other Threads:
  0x0000024a9603da50 GCTaskThread "GC Thread#0" [stack: 0x000000626ff00000,0x0000006270000000] [id=13328]
  0x0000024a9604a850 ConcurrentGCThread "G1 Main Marker" [stack: 0x0000006270000000,0x0000006270100000] [id=8344]
  0x0000024a9604c270 ConcurrentGCThread "G1 Conc#0" [stack: 0x0000006270100000,0x0000006270200000] [id=2604]

[error occurred during error reporting (printing all threads), id 0xc0000005, EXCEPTION_ACCESS_VIOLATION (0xc0000005) at pc=0x00007ffefa750797]

VM state: not at safepoint (not fully initialized)

VM Mutex/Monitor currently owned by a thread:  ([mutex/lock_event])
[0x0000024a95fb0460] Heap_lock - owner thread: 0x0000024a95fb5920

Heap address: 0x0000000682800000, size: 6104 MB, Compressed Oops mode: Zero based, Oop shift amount: 3

CDS archive(s) mapped at: [0x0000000000000000-0x0000000000000000-0x0000000000000000), size 0, SharedBaseAddress: 0x0000000800000000, ArchiveRelocationMode: 0.
Narrow klass base: 0x0000000000000000, Narrow klass shift: 0, Narrow klass range: 0x0

GC Precious Log:
<Empty>

Heap:
 garbage-first heap   total 0K, used 0K [0x0000000682800000, 0x0000000800000000)
  region size 4096K, 0 young (0K), 0 survivors (0K)

[error occurred during error reporting (printing heap information), id 0xc0000005, EXCEPTION_ACCESS_VIOLATION (0xc0000005) at pc=0x00007ffefab3d939]

GC Heap History (0 events):
No events

Dll operation events (1 events):
Event: 0.012 Loaded shared library C:\Program Files\Android\Android Studio\jbr\bin\java.dll

Deoptimization events (0 events):
No events

Classes unloaded (0 events):
No events

Classes redefined (0 events):
No events

Internal exceptions (0 events):
No events

VM Operations (0 events):
No events

Events (0 events):
No events


Dynamic libraries:
0x00007ff7f9c20000 - 0x00007ff7f9c2a000 	C:\Program Files\Android\Android Studio\jbr\bin\java.EXE
0x00007fff58e60000 - 0x00007fff59069000 	C:\Windows\SYSTEM32\ntdll.dll
0x00007fff57cd0000 - 0x00007fff57d8d000 	C:\Windows\System32\KERNEL32.DLL
0x00007fff56340000 - 0x00007fff566b9000 	C:\Windows\System32\KERNELBASE.dll
0x00007fff56a10000 - 0x00007fff56b21000 	C:\Windows\System32\ucrtbase.dll
0x00007fff3efe0000 - 0x00007fff3eff7000 	C:\Program Files\Android\Android Studio\jbr\bin\jli.dll
0x00007fff573f0000 - 0x00007fff5759c000 	C:\Windows\System32\USER32.dll
0x00007fff56ba0000 - 0x00007fff56bc6000 	C:\Windows\System32\win32u.dll
0x00007fff571b0000 - 0x00007fff571d9000 	C:\Windows\System32\GDI32.dll
0x00007fff56bd0000 - 0x00007fff56ce2000 	C:\Windows\System32\gdi32full.dll
0x00007fff56830000 - 0x00007fff568cd000 	C:\Windows\System32\msvcp_win.dll
0x00007fff35110000 - 0x00007fff353b5000 	C:\Windows\WinSxS\amd64_microsoft.windows.common-controls_6595b64144ccf1df_6.0.22000.120_none_9d947278b86cc467\COMCTL32.dll
0x00007fff571e0000 - 0x00007fff57283000 	C:\Windows\System32\msvcrt.dll
0x00007fff3efc0000 - 0x00007fff3efdb000 	C:\Program Files\Android\Android Studio\jbr\bin\VCRUNTIME140.dll
0x00007fff57170000 - 0x00007fff571a1000 	C:\Windows\System32\IMM32.DLL
0x00007fff40a40000 - 0x00007fff40a4c000 	C:\Program Files\Android\Android Studio\jbr\bin\vcruntime140_1.dll
0x00007fff36590000 - 0x00007fff3661d000 	C:\Program Files\Android\Android Studio\jbr\bin\msvcp140.dll
0x00007ffefa460000 - 0x00007ffefb0cd000 	C:\Program Files\Android\Android Studio\jbr\bin\server\jvm.dll
0x00007fff58a70000 - 0x00007fff58b1e000 	C:\Windows\System32\ADVAPI32.dll
0x00007fff56f30000 - 0x00007fff56fce000 	C:\Windows\System32\sechost.dll
0x00007fff56cf0000 - 0x00007fff56e10000 	C:\Windows\System32\RPCRT4.dll
0x00007ffecab20000 - 0x00007ffecab29000 	C:\Windows\SYSTEM32\WSOCK32.dll
0x00007fff4d060000 - 0x00007fff4d093000 	C:\Windows\SYSTEM32\WINMM.dll
0x00007fff57e00000 - 0x00007fff57e6f000 	C:\Windows\System32\WS2_32.dll
0x00007fff4c9d0000 - 0x00007fff4c9da000 	C:\Windows\SYSTEM32\VERSION.dll
0x00007fff554a0000 - 0x00007fff554b8000 	C:\Windows\SYSTEM32\kernel.appcore.dll
0x00007fff496d0000 - 0x00007fff496da000 	C:\Program Files\Android\Android Studio\jbr\bin\jimage.dll
0x00007fff53db0000 - 0x00007fff53fd1000 	C:\Windows\SYSTEM32\DBGHELP.DLL
0x00007fff3c6a0000 - 0x00007fff3c6d1000 	C:\Windows\SYSTEM32\dbgcore.DLL
0x00007fff56990000 - 0x00007fff56a0f000 	C:\Windows\System32\bcryptPrimitives.dll
0x00007fff41dd0000 - 0x00007fff41df5000 	C:\Program Files\Android\Android Studio\jbr\bin\java.dll

dbghelp: loaded successfully - version: 4.0.5 - missing functions: none
symbol engine: initialized successfully - sym options: 0x614 - pdb path: .;C:\Program Files\Android\Android Studio\jbr\bin;C:\Windows\SYSTEM32;C:\Windows\WinSxS\amd64_microsoft.windows.common-controls_6595b64144ccf1df_6.0.22000.120_none_9d947278b86cc467;C:\Program Files\Android\Android Studio\jbr\bin\server

VM Arguments:
java_command: <unknown>
java_class_path (initial): <not set>
Launcher Type: SUN_STANDARD

[Global flags]
     intx CICompilerCount                          = 4                                         {product} {ergonomic}
     uint ConcGCThreads                            = 2                                         {product} {ergonomic}
     uint G1ConcRefinementThreads                  = 8                                         {product} {ergonomic}
   size_t G1HeapRegionSize                         = 4194304                                   {product} {ergonomic}
    uintx GCDrainStackTargetSize                   = 64                                        {product} {ergonomic}
   size_t InitialHeapSize                          = 402653184                                 {product} {ergonomic}
   size_t MarkStackSize                            = 4194304                                   {product} {ergonomic}
   size_t MaxHeapSize                              = 6400507904                                {product} {ergonomic}
   size_t MinHeapDeltaBytes                        = 4194304                                   {product} {ergonomic}
   size_t MinHeapSize                              = 8388608                                   {product} {ergonomic}
    uintx NonNMethodCodeHeapSize                   = 5839372                                {pd product} {ergonomic}
    uintx NonProfiledCodeHeapSize                  = 122909434                              {pd product} {ergonomic}
    uintx ProfiledCodeHeapSize                     = 122909434                              {pd product} {ergonomic}
    uintx ReservedCodeCacheSize                    = 251658240                              {pd product} {ergonomic}
     bool SegmentedCodeCache                       = true                                      {product} {ergonomic}
   size_t SoftMaxHeapSize                          = 6400507904                             {manageable} {ergonomic}
     bool UseCompressedClassPointers               = true                           {product lp64_product} {ergonomic}
     bool UseCompressedOops                        = true                           {product lp64_product} {ergonomic}
     bool UseG1GC                                  = true                                      {product} {ergonomic}
     bool UseLargePagesIndividualAllocation        = false                                  {pd product} {ergonomic}

Logging:
Log output configuration:
 #0: stdout all=warning uptime,level,tags
 #1: stderr all=off uptime,level,tags

Environment Variables:
JAVA_HOME=C:\Program Files\Microsoft\jdk-11.0.20.8-hotspot\
PATH=D:\bin\;C:\Program Files\Microsoft\jdk-11.0.20.8-hotspot\bin;C:\Program Files (x86)\Razer\ChromaBroadcast\bin;C:\Program Files\Razer\ChromaBroadcast\bin;C:\Program Files (x86)\Common Files\Oracle\Java\javapath;C:\Program Files (x86)\Rational\Rational Test;C:\Users\mahmoud442\AppData\Local\Microsoft\WindowsApps;C:\Users\mahmoud442\.dotnet\tools;C:\wamp64\bin\php\php8.1.0;C:\ProgramData\ComposerSetup\bin;C:\Program Files\Git\bin;C:\Program Files\dotnet\;C:\wamp64\bin\php\php5.6.40;C:\Users\mahmoud442\AppData\Local\Android\Sdk\platform-tools;D:\flutter\bin;C:\Program Files\Common Files\Oracle\Java\javapath;C:\Users\mahmoud442\AppData\Local\Android\Sdk\platforms;C:\Users\mahmoud442\AppData\Local\Android\Sdk\platform-tools;C:\flutter;C:\Windows\System32;C:\Users\mahmoud442\AppData\Local\Android\Sdk\build-tools;C:\ProgramData\chocolatey\bin;C:\Program Files\nodejs\;C:\Program Files (x86)\Bitvise SSH Client;C:\Program Files\OpenSSL-Win64\bin;;C:\Program Files\Docker\Docker\resources\bin;C:\Users\mahmoud442\AppData\Local\Microsoft\WindowsApps;C:\Users\mahmoud442\AppData\Roaming\Composer\vendor\bin;C:\Users\mahmoud442\AppData\Local\GitHubDesktop\bin;C:\wamp64\bin\php\php8.0.13;C:\Program Files\Git\bin;C:\Program Files\Common Files\Oracle\Java\javapath;C:\Users\mahmoud442\AppData\Local\Android\Sdk\platforms;C:\Users\mahmoud442\AppData\Local\Android\Sdk\platform-tools;C:\flutter;C:\Windows\System32;C:\Users\mahmoud442\AppData\Local\Programs\Microsoft VS Code\bin;C:\Users\mahmoud442\AppData\Roaming\npm;C:\Program Files\Docker\Docker\resources\bin;C:\Program Files\Java\jdk-17\bin;C:\Program Files\Java\jre1.8.0_351\bin;c:\windows\system32\cmd.exe;;D:\Flutter\bin\mingit\cmd
USERNAME=mahmoud442
SHELL=C:\PROGRA~2\RATIONAL\RATION~1\NUTCROOT\mksnt\sh.exe
DISPLAY=:0.0
TERM=nutc
TMPDIR=C:\Users\MAHMOU~1\AppData\Local\Temp
OS=Windows_NT
PROCESSOR_IDENTIFIER=Intel64 Family 6 Model 142 Stepping 12, GenuineIntel
TMP=C:\Users\MAHMOU~1\AppData\Local\Temp
TEMP=C:\Users\MAHMOU~1\AppData\Local\Temp



---------------  S Y S T E M  ---------------

OS:
 Windows 11 , 64 bit Build 22000 (10.0.22000.708)
OS uptime: 1 days 9:00 hours
Hyper-V role detected

CPU: total 8 (initial active 8) (4 cores per cpu, 2 threads per core) family 6 model 142 stepping 12 microcode 0xf8, cx8, cmov, fxsr, ht, mmx, 3dnowpref, sse, sse2, sse3, ssse3, sse4.1, sse4.2, popcnt, lzcnt, tsc, tscinvbit, avx, avx2, aes, erms, clmul, bmi1, bmi2, adx, fma, vzeroupper, clflush, clflushopt, hv

Memory: 4k page, system-wide physical 24403M (3239M free)
TotalPageFile size 35314M (AvailPageFile size 21M)
current process WorkingSet (physical memory assigned to process): 10M, peak: 10M
current process commit charge ("private bytes"): 445M, peak: 451M

vm_info: OpenJDK 64-Bit Server VM (17.0.6+0-b2043.56-9586694) for windows-amd64 JRE (17.0.6+0-b2043.56-9586694), built on Feb  9 2023 20:06:20 by "androidbuild" with MS VC++ 16.10 / 16.11 (VS2019)

END.
