#
# There is insufficient memory for the Java Runtime Environment to continue.
# Native memory allocation (mmap) failed to map 65536 bytes for Failed to commit metaspace.
# Possible reasons:
#   The system is out of physical RAM or swap space
#   The process is running with CompressedOops enabled, and the Java Heap may be blocking the growth of the native heap
# Possible solutions:
#   Reduce memory load on the system
#   Increase physical memory or swap space
#   Check if swap backing store is full
#   Decrease Java heap size (-Xmx/-Xms)
#   Decrease number of Java threads
#   Decrease Java thread stack sizes (-Xss)
#   Set larger code cache with -XX:ReservedCodeCacheSize=
#   JVM is running with Zero Based Compressed Oops mode in which the Java heap is
#     placed in the first 32GB address space. The Java Heap base address is the
#     maximum limit for the native heap growth. Please use -XX:HeapBaseMinAddress
#     to set the Java Heap base and to place the Java Heap above 32GB virtual address.
# This output file may be truncated or incomplete.
#
#  Out of Memory Error (virtualSpaceNode.cpp:110), pid=23920, tid=23660
#
# JRE version: OpenJDK Runtime Environment (17.0.6) (build 17.0.6+0-b2043.56-9586694)
# Java VM: OpenJDK 64-Bit Server VM (17.0.6+0-b2043.56-9586694, mixed mode, tiered, compressed oops, compressed class ptrs, g1 gc, windows-amd64)
# No core dump will be written. Minidumps are not enabled by default on client versions of Windows
#

---------------  S U M M A R Y ------------

Command Line: -Dorg.gradle.appname=gradlew org.gradle.wrapper.GradleWrapperMain -q -Ptarget-platform=android-x64 -Ptarget=D:\project_flutter\coffee_app-v1.0.1\lib\main.dart -Pbase-application-name=android.app.Application -Pdart-defines=RkxVVFRFUl9XRUJfQVVUT19ERVRFQ1Q9dHJ1ZQ==,RkxVVFRFUl9XRUJfQ0FOVkFTS0lUX1VSTD1odHRwczovL3d3dy5nc3RhdGljLmNvbS9mbHV0dGVyLWNhbnZhc2tpdC80NWY2ZTAwOTExMGRmNGYzNGVjMmNmOTlmNjNjZjczYjcxYjdhNDIwLw== -Pdart-obfuscation=false -Ptrack-widget-creation=true -Ptree-shake-icons=false -Pfilesystem-scheme=org-dartlang-root assembleDebug

Host: Intel(R) Core(TM) i7-8565U CPU @ 1.80GHz, 8 cores, 23G,  Windows 11 , 64 bit Build 22000 (10.0.22000.708)
Time: Wed Feb 21 18:28:25 2024 Arabian Standard Time elapsed time: 3.533383 seconds (0d 0h 0m 3s)

---------------  T H R E A D  ---------------

Current thread (0x000001f6514764e0):  JavaThread "main" [_thread_in_vm, id=23660, stack(0x0000000799800000,0x0000000799900000)]

Stack: [0x0000000799800000,0x0000000799900000]
Native frames: (J=compiled Java code, j=interpreted, Vv=VM code, C=native code)
V  [jvm.dll+0x683b4a]
V  [jvm.dll+0x842654]
V  [jvm.dll+0x843dfe]
V  [jvm.dll+0x844463]
V  [jvm.dll+0x249b75]
V  [jvm.dll+0x83e6ab]
V  [jvm.dll+0x627fa6]
V  [jvm.dll+0x1c194e]
V  [jvm.dll+0x62a8e1]
V  [jvm.dll+0x628946]
V  [jvm.dll+0x23db6f]
V  [jvm.dll+0x632735]
V  [jvm.dll+0x635bf1]
V  [jvm.dll+0x7ba4c9]
V  [jvm.dll+0x5679fa]
V  [jvm.dll+0x569776]
V  [jvm.dll+0x56728e]
V  [jvm.dll+0x569eeb]
V  [jvm.dll+0x568df4]
V  [jvm.dll+0x3883a4]
V  [jvm.dll+0x387a0f]
C  0x000001f65be8a499

Java frames: (J=compiled Java code, j=interpreted, Vv=VM code)
j  java.lang.invoke.VarHandleGuards.guard_LII_Z(Ljava/lang/invoke/VarHandle;Ljava/lang/Object;IILjava/lang/invoke/VarHandle$AccessDescriptor;)Z+50 java.base@17.0.6
j  java.nio.channels.spi.AbstractSelector.close()V+6 java.base@17.0.6
j  org.gradle.internal.remote.internal.inet.SocketConnection$SocketInputStream.close()V+4
j  org.gradle.internal.concurrent.CompositeStoppable$2.stop()V+4
j  org.gradle.internal.concurrent.CompositeStoppable.stop()V+32
j  org.gradle.internal.remote.internal.inet.SocketConnection.stop()V+39
j  org.gradle.launcher.daemon.client.DaemonClientConnection.stop()V+23
j  org.gradle.launcher.daemon.client.DaemonClient.execute(Lorg/gradle/internal/invocation/BuildAction;Lorg/gradle/launcher/exec/BuildActionParameters;Lorg/gradle/initialization/BuildRequestContext;)Lorg/gradle/launcher/exec/BuildActionResult;+187
j  org.gradle.launcher.daemon.client.DaemonClient.execute(Lorg/gradle/internal/invocation/BuildAction;Ljava/lang/Object;Ljava/lang/Object;)Lorg/gradle/launcher/exec/BuildActionResult;+10
j  org.gradle.launcher.cli.RunBuildAction.run()V+74
j  org.gradle.internal.Actions$RunnableActionAdapter.execute(Ljava/lang/Object;)V+4
j  org.gradle.launcher.cli.DefaultCommandLineActionFactory$ParseAndBuildAction.execute(Lorg/gradle/launcher/bootstrap/ExecutionListener;)V+60
j  org.gradle.launcher.cli.DefaultCommandLineActionFactory$ParseAndBuildAction.execute(Ljava/lang/Object;)V+5
j  org.gradle.launcher.cli.DebugLoggerWarningAction.execute(Lorg/gradle/launcher/bootstrap/ExecutionListener;)V+9
j  org.gradle.launcher.cli.DebugLoggerWarningAction.execute(Ljava/lang/Object;)V+5
j  org.gradle.launcher.cli.WelcomeMessageAction.execute(Lorg/gradle/launcher/bootstrap/ExecutionListener;)V+218
j  org.gradle.launcher.cli.WelcomeMessageAction.execute(Ljava/lang/Object;)V+5
j  org.gradle.launcher.cli.NativeServicesInitializingAction.execute(Lorg/gradle/launcher/bootstrap/ExecutionListener;)V+35
j  org.gradle.launcher.cli.NativeServicesInitializingAction.execute(Ljava/lang/Object;)V+5
j  org.gradle.launcher.cli.ExceptionReportingAction.execute(Lorg/gradle/launcher/bootstrap/ExecutionListener;)V+5
j  org.gradle.launcher.cli.ExceptionReportingAction.execute(Ljava/lang/Object;)V+5
j  org.gradle.launcher.cli.DefaultCommandLineActionFactory$WithLogging.execute(Lorg/gradle/launcher/bootstrap/ExecutionListener;)V+299
j  org.gradle.launcher.Main.doAction([Ljava/lang/String;Lorg/gradle/launcher/bootstrap/ExecutionListener;)V+14
j  org.gradle.launcher.bootstrap.EntryPoint.run([Ljava/lang/String;)V+12
v  ~StubRoutines::call_stub
j  jdk.internal.reflect.NativeMethodAccessorImpl.invoke0(Ljava/lang/reflect/Method;Ljava/lang/Object;[Ljava/lang/Object;)Ljava/lang/Object;+0 java.base@17.0.6
j  jdk.internal.reflect.NativeMethodAccessorImpl.invoke(Ljava/lang/Object;[Ljava/lang/Object;)Ljava/lang/Object;+133 java.base@17.0.6
j  jdk.internal.reflect.DelegatingMethodAccessorImpl.invoke(Ljava/lang/Object;[Ljava/lang/Object;)Ljava/lang/Object;+6 java.base@17.0.6
j  java.lang.reflect.Method.invoke(Ljava/lang/Object;[Ljava/lang/Object;)Ljava/lang/Object;+59 java.base@17.0.6
j  org.gradle.launcher.bootstrap.ProcessBootstrap.runNoExit(Ljava/lang/String;[Ljava/lang/String;)V+159
j  org.gradle.launcher.bootstrap.ProcessBootstrap.run(Ljava/lang/String;[Ljava/lang/String;)V+2
v  ~StubRoutines::call_stub
j  jdk.internal.reflect.NativeMethodAccessorImpl.invoke0(Ljava/lang/reflect/Method;Ljava/lang/Object;[Ljava/lang/Object;)Ljava/lang/Object;+0 java.base@17.0.6
j  jdk.internal.reflect.NativeMethodAccessorImpl.invoke(Ljava/lang/Object;[Ljava/lang/Object;)Ljava/lang/Object;+133 java.base@17.0.6
j  jdk.internal.reflect.DelegatingMethodAccessorImpl.invoke(Ljava/lang/Object;[Ljava/lang/Object;)Ljava/lang/Object;+6 java.base@17.0.6
j  java.lang.reflect.Method.invoke(Ljava/lang/Object;[Ljava/lang/Object;)Ljava/lang/Object;+59 java.base@17.0.6
j  org.gradle.launcher.GradleMain.main([Ljava/lang/String;)V+100
v  ~StubRoutines::call_stub
j  jdk.internal.reflect.NativeMethodAccessorImpl.invoke0(Ljava/lang/reflect/Method;Ljava/lang/Object;[Ljava/lang/Object;)Ljava/lang/Object;+0 java.base@17.0.6
j  jdk.internal.reflect.NativeMethodAccessorImpl.invoke(Ljava/lang/Object;[Ljava/lang/Object;)Ljava/lang/Object;+133 java.base@17.0.6
j  jdk.internal.reflect.DelegatingMethodAccessorImpl.invoke(Ljava/lang/Object;[Ljava/lang/Object;)Ljava/lang/Object;+6 java.base@17.0.6
j  java.lang.reflect.Method.invoke(Ljava/lang/Object;[Ljava/lang/Object;)Ljava/lang/Object;+59 java.base@17.0.6
j  org.gradle.wrapper.BootstrapMainStarter.start([Ljava/lang/String;Ljava/io/File;)V+82
j  org.gradle.wrapper.WrapperExecutor.execute([Ljava/lang/String;Lorg/gradle/wrapper/Install;Lorg/gradle/wrapper/BootstrapMainStarter;)V+14
j  org.gradle.wrapper.GradleWrapperMain.main([Ljava/lang/String;)V+190
v  ~StubRoutines::call_stub

---------------  P R O C E S S  ---------------

Threads class SMR info:
_java_thread_list=0x000001f676bd7580, length=14, elements={
0x000001f6514764e0, 0x000001f675432010, 0x000001f675432d90, 0x000001f675484ae0,
0x000001f675485750, 0x000001f675487270, 0x000001f675487c20, 0x000001f67549d0c0,
0x000001f6754a5b70, 0x000001f6754a6560, 0x000001f6755f3990, 0x000001f6756034f0,
0x000001f675eadf00, 0x000001f6768d2880
}

Java Threads: ( => current thread )
=>0x000001f6514764e0 JavaThread "main" [_thread_in_vm, id=23660, stack(0x0000000799800000,0x0000000799900000)]
  0x000001f675432010 JavaThread "Reference Handler" daemon [_thread_blocked, id=24080, stack(0x0000000799f00000,0x000000079a000000)]
  0x000001f675432d90 JavaThread "Finalizer" daemon [_thread_blocked, id=22396, stack(0x000000079a000000,0x000000079a100000)]
  0x000001f675484ae0 JavaThread "Signal Dispatcher" daemon [_thread_blocked, id=27904, stack(0x000000079a100000,0x000000079a200000)]
  0x000001f675485750 JavaThread "Attach Listener" daemon [_thread_blocked, id=15012, stack(0x000000079a200000,0x000000079a300000)]
  0x000001f675487270 JavaThread "Service Thread" daemon [_thread_blocked, id=30304, stack(0x000000079a300000,0x000000079a400000)]
  0x000001f675487c20 JavaThread "Monitor Deflation Thread" daemon [_thread_blocked, id=9636, stack(0x000000079a400000,0x000000079a500000)]
  0x000001f67549d0c0 JavaThread "C2 CompilerThread0" daemon [_thread_blocked, id=10280, stack(0x000000079a500000,0x000000079a600000)]
  0x000001f6754a5b70 JavaThread "C1 CompilerThread0" daemon [_thread_blocked, id=13760, stack(0x000000079a600000,0x000000079a700000)]
  0x000001f6754a6560 JavaThread "Sweeper thread" daemon [_thread_blocked, id=20840, stack(0x000000079a700000,0x000000079a800000)]
  0x000001f6755f3990 JavaThread "Notification Thread" daemon [_thread_blocked, id=28016, stack(0x000000079a800000,0x000000079a900000)]
  0x000001f6756034f0 JavaThread "Common-Cleaner" daemon [_thread_blocked, id=13256, stack(0x000000079aa00000,0x000000079ab00000)]
  0x000001f675eadf00 JavaThread "pool-1-thread-1" [_thread_blocked, id=27544, stack(0x000000079b300000,0x000000079b400000)]
  0x000001f6768d2880 JavaThread "DisconnectableInputStream source reader" daemon [_thread_in_native, id=30716, stack(0x000000079b500000,0x000000079b600000)]

Other Threads:
  0x000001f6749788a0 VMThread "VM Thread" [stack: 0x0000000799e00000,0x0000000799f00000] [id=24980]
  0x000001f6755f4670 WatcherThread [stack: 0x000000079a900000,0x000000079aa00000] [id=28836]
  0x000001f6515018b0 GCTaskThread "GC Thread#0" [stack: 0x0000000799900000,0x0000000799a00000] [id=24600]
  0x000001f675b13e90 GCTaskThread "GC Thread#1" [stack: 0x000000079ac00000,0x000000079ad00000] [id=7588]
  0x000001f67680f6e0 GCTaskThread "GC Thread#2" [stack: 0x000000079ad00000,0x000000079ae00000] [id=30352]
  0x000001f675e4fe70 GCTaskThread "GC Thread#3" [stack: 0x000000079ae00000,0x000000079af00000] [id=17932]
  0x000001f675f6f470 GCTaskThread "GC Thread#4" [stack: 0x000000079af00000,0x000000079b000000] [id=17420]
  0x000001f675f6f720 GCTaskThread "GC Thread#5" [stack: 0x000000079b000000,0x000000079b100000] [id=15152]
  0x000001f675f6f9d0 GCTaskThread "GC Thread#6" [stack: 0x000000079b100000,0x000000079b200000] [id=28468]
  0x000001f675f6fc80 GCTaskThread "GC Thread#7" [stack: 0x000000079b200000,0x000000079b300000] [id=30200]
  0x000001f65150e6b0 ConcurrentGCThread "G1 Main Marker" [stack: 0x0000000799a00000,0x0000000799b00000] [id=29824]
  0x000001f65150f860 ConcurrentGCThread "G1 Conc#0" [stack: 0x0000000799b00000,0x0000000799c00000] [id=3324]
  0x000001f65153ea30 ConcurrentGCThread "G1 Refine#0" [stack: 0x0000000799c00000,0x0000000799d00000] [id=27348]
  0x000001f674815700 ConcurrentGCThread "G1 Service" [stack: 0x0000000799d00000,0x0000000799e00000] [id=30676]

Threads with active compile tasks:

VM state: not at safepoint (normal execution)

VM Mutex/Monitor currently owned by a thread:  ([mutex/lock_event])
[0x000001f65146ffb0] Metaspace_lock - owner thread: 0x000001f6514764e0

Heap address: 0x0000000481800000, size: 6104 MB, Compressed Oops mode: Zero based, Oop shift amount: 3

CDS archive(s) not mapped
Compressed class space mapped at: 0x00000005ff000000-0x000000063f000000, reserved size: 1073741824
Narrow klass base: 0x0000000000000000, Narrow klass shift: 3, Narrow klass range: 0x63f000000

GC Precious Log:
 CPUs: 8 total, 8 available
 Memory: 24403M
 Large Page Support: Disabled
 NUMA Support: Disabled
 Compressed Oops: Enabled (Zero based)
 Heap Region Size: 4M
 Heap Min Capacity: 8M
 Heap Initial Capacity: 384M
 Heap Max Capacity: 6104M
 Pre-touch: Disabled
 Parallel Workers: 8
 Concurrent Workers: 2
 Concurrent Refinement Workers: 8
 Periodic GC: Disabled

Heap:
 garbage-first heap   total 393216K, used 11450K [0x0000000481800000, 0x00000005ff000000)
  region size 4096K, 2 young (8192K), 1 survivors (4096K)
 Metaspace       used 16235K, committed 16384K, reserved 1064960K
  class space    used 1899K, committed 1984K, reserved 1048576K

Heap Regions: E=young(eden), S=young(survivor), O=old, HS=humongous(starts), HC=humongous(continues), CS=collection set, F=free, OA=open archive, CA=closed archive, TAMS=top-at-mark-start (previous, next)
|   0|0x0000000481800000, 0x00000004819b4000, 0x0000000481c00000| 42%| O|  |TAMS 0x0000000481800000, 0x0000000481800000| Untracked 
|   1|0x0000000481c00000, 0x0000000482000000, 0x0000000482000000|100%|HS|  |TAMS 0x0000000481c00000, 0x0000000481c00000| Complete 
|   2|0x0000000482000000, 0x0000000482400000, 0x0000000482400000|100%| O|  |TAMS 0x0000000482000000, 0x0000000482000000| Untracked 
|   3|0x0000000482400000, 0x0000000482400000, 0x0000000482800000|  0%| F|  |TAMS 0x0000000482400000, 0x0000000482400000| Untracked 
|   4|0x0000000482800000, 0x0000000482800000, 0x0000000482c00000|  0%| F|  |TAMS 0x0000000482800000, 0x0000000482800000| Untracked 
|   5|0x0000000482c00000, 0x0000000482c00000, 0x0000000483000000|  0%| F|  |TAMS 0x0000000482c00000, 0x0000000482c00000| Untracked 
|   6|0x0000000483000000, 0x0000000483000000, 0x0000000483400000|  0%| F|  |TAMS 0x0000000483000000, 0x0000000483000000| Untracked 
|   7|0x0000000483400000, 0x0000000483400000, 0x0000000483800000|  0%| F|  |TAMS 0x0000000483400000, 0x0000000483400000| Untracked 
|   8|0x0000000483800000, 0x0000000483800000, 0x0000000483c00000|  0%| F|  |TAMS 0x0000000483800000, 0x0000000483800000| Untracked 
|   9|0x0000000483c00000, 0x0000000483c00000, 0x0000000484000000|  0%| F|  |TAMS 0x0000000483c00000, 0x0000000483c00000| Untracked 
|  10|0x0000000484000000, 0x0000000484000000, 0x0000000484400000|  0%| F|  |TAMS 0x0000000484000000, 0x0000000484000000| Untracked 
|  11|0x0000000484400000, 0x0000000484400000, 0x0000000484800000|  0%| F|  |TAMS 0x0000000484400000, 0x0000000484400000| Untracked 
|  12|0x0000000484800000, 0x0000000484800000, 0x0000000484c00000|  0%| F|  |TAMS 0x0000000484800000, 0x0000000484800000| Untracked 
|  13|0x0000000484c00000, 0x0000000484c00000, 0x0000000485000000|  0%| F|  |TAMS 0x0000000484c00000, 0x0000000484c00000| Untracked 
|  14|0x0000000485000000, 0x0000000485000000, 0x0000000485400000|  0%| F|  |TAMS 0x0000000485000000, 0x0000000485000000| Untracked 
|  15|0x0000000485400000, 0x0000000485400000, 0x0000000485800000|  0%| F|  |TAMS 0x0000000485400000, 0x0000000485400000| Untracked 
|  16|0x0000000485800000, 0x0000000485800000, 0x0000000485c00000|  0%| F|  |TAMS 0x0000000485800000, 0x0000000485800000| Untracked 
|  17|0x0000000485c00000, 0x0000000485c00000, 0x0000000486000000|  0%| F|  |TAMS 0x0000000485c00000, 0x0000000485c00000| Untracked 
|  18|0x0000000486000000, 0x0000000486000000, 0x0000000486400000|  0%| F|  |TAMS 0x0000000486000000, 0x0000000486000000| Untracked 
|  19|0x0000000486400000, 0x0000000486400000, 0x0000000486800000|  0%| F|  |TAMS 0x0000000486400000, 0x0000000486400000| Untracked 
|  20|0x0000000486800000, 0x0000000486800000, 0x0000000486c00000|  0%| F|  |TAMS 0x0000000486800000, 0x0000000486800000| Untracked 
|  21|0x0000000486c00000, 0x0000000486c00000, 0x0000000487000000|  0%| F|  |TAMS 0x0000000486c00000, 0x0000000486c00000| Untracked 
|  22|0x0000000487000000, 0x0000000487000000, 0x0000000487400000|  0%| F|  |TAMS 0x0000000487000000, 0x0000000487000000| Untracked 
|  23|0x0000000487400000, 0x0000000487400000, 0x0000000487800000|  0%| F|  |TAMS 0x0000000487400000, 0x0000000487400000| Untracked 
|  24|0x0000000487800000, 0x0000000487800000, 0x0000000487c00000|  0%| F|  |TAMS 0x0000000487800000, 0x0000000487800000| Untracked 
|  25|0x0000000487c00000, 0x0000000487c00000, 0x0000000488000000|  0%| F|  |TAMS 0x0000000487c00000, 0x0000000487c00000| Untracked 
|  26|0x0000000488000000, 0x0000000488000000, 0x0000000488400000|  0%| F|  |TAMS 0x0000000488000000, 0x0000000488000000| Untracked 
|  27|0x0000000488400000, 0x0000000488400000, 0x0000000488800000|  0%| F|  |TAMS 0x0000000488400000, 0x0000000488400000| Untracked 
|  28|0x0000000488800000, 0x0000000488800000, 0x0000000488c00000|  0%| F|  |TAMS 0x0000000488800000, 0x0000000488800000| Untracked 
|  29|0x0000000488c00000, 0x0000000488c00000, 0x0000000489000000|  0%| F|  |TAMS 0x0000000488c00000, 0x0000000488c00000| Untracked 
|  30|0x0000000489000000, 0x0000000489000000, 0x0000000489400000|  0%| F|  |TAMS 0x0000000489000000, 0x0000000489000000| Untracked 
|  31|0x0000000489400000, 0x0000000489400000, 0x0000000489800000|  0%| F|  |TAMS 0x0000000489400000, 0x0000000489400000| Untracked 
|  32|0x0000000489800000, 0x0000000489800000, 0x0000000489c00000|  0%| F|  |TAMS 0x0000000489800000, 0x0000000489800000| Untracked 
|  33|0x0000000489c00000, 0x0000000489c00000, 0x000000048a000000|  0%| F|  |TAMS 0x0000000489c00000, 0x0000000489c00000| Untracked 
|  34|0x000000048a000000, 0x000000048a000000, 0x000000048a400000|  0%| F|  |TAMS 0x000000048a000000, 0x000000048a000000| Untracked 
|  35|0x000000048a400000, 0x000000048a400000, 0x000000048a800000|  0%| F|  |TAMS 0x000000048a400000, 0x000000048a400000| Untracked 
|  36|0x000000048a800000, 0x000000048a800000, 0x000000048ac00000|  0%| F|  |TAMS 0x000000048a800000, 0x000000048a800000| Untracked 
|  37|0x000000048ac00000, 0x000000048ac00000, 0x000000048b000000|  0%| F|  |TAMS 0x000000048ac00000, 0x000000048ac00000| Untracked 
|  38|0x000000048b000000, 0x000000048b000000, 0x000000048b400000|  0%| F|  |TAMS 0x000000048b000000, 0x000000048b000000| Untracked 
|  39|0x000000048b400000, 0x000000048b400000, 0x000000048b800000|  0%| F|  |TAMS 0x000000048b400000, 0x000000048b400000| Untracked 
|  40|0x000000048b800000, 0x000000048b800000, 0x000000048bc00000|  0%| F|  |TAMS 0x000000048b800000, 0x000000048b800000| Untracked 
|  41|0x000000048bc00000, 0x000000048bc00000, 0x000000048c000000|  0%| F|  |TAMS 0x000000048bc00000, 0x000000048bc00000| Untracked 
|  42|0x000000048c000000, 0x000000048c000000, 0x000000048c400000|  0%| F|  |TAMS 0x000000048c000000, 0x000000048c000000| Untracked 
|  43|0x000000048c400000, 0x000000048c400000, 0x000000048c800000|  0%| F|  |TAMS 0x000000048c400000, 0x000000048c400000| Untracked 
|  44|0x000000048c800000, 0x000000048c800000, 0x000000048cc00000|  0%| F|  |TAMS 0x000000048c800000, 0x000000048c800000| Untracked 
|  45|0x000000048cc00000, 0x000000048cc00000, 0x000000048d000000|  0%| F|  |TAMS 0x000000048cc00000, 0x000000048cc00000| Untracked 
|  46|0x000000048d000000, 0x000000048d000000, 0x000000048d400000|  0%| F|  |TAMS 0x000000048d000000, 0x000000048d000000| Untracked 
|  47|0x000000048d400000, 0x000000048d400000, 0x000000048d800000|  0%| F|  |TAMS 0x000000048d400000, 0x000000048d400000| Untracked 
|  48|0x000000048d800000, 0x000000048d800000, 0x000000048dc00000|  0%| F|  |TAMS 0x000000048d800000, 0x000000048d800000| Untracked 
|  49|0x000000048dc00000, 0x000000048dc00000, 0x000000048e000000|  0%| F|  |TAMS 0x000000048dc00000, 0x000000048dc00000| Untracked 
|  50|0x000000048e000000, 0x000000048e000000, 0x000000048e400000|  0%| F|  |TAMS 0x000000048e000000, 0x000000048e000000| Untracked 
|  51|0x000000048e400000, 0x000000048e400000, 0x000000048e800000|  0%| F|  |TAMS 0x000000048e400000, 0x000000048e400000| Untracked 
|  52|0x000000048e800000, 0x000000048e800000, 0x000000048ec00000|  0%| F|  |TAMS 0x000000048e800000, 0x000000048e800000| Untracked 
|  53|0x000000048ec00000, 0x000000048ec00000, 0x000000048f000000|  0%| F|  |TAMS 0x000000048ec00000, 0x000000048ec00000| Untracked 
|  54|0x000000048f000000, 0x000000048f000000, 0x000000048f400000|  0%| F|  |TAMS 0x000000048f000000, 0x000000048f000000| Untracked 
|  55|0x000000048f400000, 0x000000048f400000, 0x000000048f800000|  0%| F|  |TAMS 0x000000048f400000, 0x000000048f400000| Untracked 
|  56|0x000000048f800000, 0x000000048f800000, 0x000000048fc00000|  0%| F|  |TAMS 0x000000048f800000, 0x000000048f800000| Untracked 
|  57|0x000000048fc00000, 0x000000048fc00000, 0x0000000490000000|  0%| F|  |TAMS 0x000000048fc00000, 0x000000048fc00000| Untracked 
|  58|0x0000000490000000, 0x0000000490000000, 0x0000000490400000|  0%| F|  |TAMS 0x0000000490000000, 0x0000000490000000| Untracked 
|  59|0x0000000490400000, 0x0000000490400000, 0x0000000490800000|  0%| F|  |TAMS 0x0000000490400000, 0x0000000490400000| Untracked 
|  60|0x0000000490800000, 0x0000000490800000, 0x0000000490c00000|  0%| F|  |TAMS 0x0000000490800000, 0x0000000490800000| Untracked 
|  61|0x0000000490c00000, 0x0000000490c00000, 0x0000000491000000|  0%| F|  |TAMS 0x0000000490c00000, 0x0000000490c00000| Untracked 
|  62|0x0000000491000000, 0x0000000491000000, 0x0000000491400000|  0%| F|  |TAMS 0x0000000491000000, 0x0000000491000000| Untracked 
|  63|0x0000000491400000, 0x0000000491400000, 0x0000000491800000|  0%| F|  |TAMS 0x0000000491400000, 0x0000000491400000| Untracked 
|  64|0x0000000491800000, 0x0000000491800000, 0x0000000491c00000|  0%| F|  |TAMS 0x0000000491800000, 0x0000000491800000| Untracked 
|  65|0x0000000491c00000, 0x0000000491c00000, 0x0000000492000000|  0%| F|  |TAMS 0x0000000491c00000, 0x0000000491c00000| Untracked 
|  66|0x0000000492000000, 0x0000000492000000, 0x0000000492400000|  0%| F|  |TAMS 0x0000000492000000, 0x0000000492000000| Untracked 
|  67|0x0000000492400000, 0x0000000492400000, 0x0000000492800000|  0%| F|  |TAMS 0x0000000492400000, 0x0000000492400000| Untracked 
|  68|0x0000000492800000, 0x0000000492800000, 0x0000000492c00000|  0%| F|  |TAMS 0x0000000492800000, 0x0000000492800000| Untracked 
|  69|0x0000000492c00000, 0x0000000492c00000, 0x0000000493000000|  0%| F|  |TAMS 0x0000000492c00000, 0x0000000492c00000| Untracked 
|  70|0x0000000493000000, 0x0000000493000000, 0x0000000493400000|  0%| F|  |TAMS 0x0000000493000000, 0x0000000493000000| Untracked 
|  71|0x0000000493400000, 0x0000000493400000, 0x0000000493800000|  0%| F|  |TAMS 0x0000000493400000, 0x0000000493400000| Untracked 
|  72|0x0000000493800000, 0x0000000493800000, 0x0000000493c00000|  0%| F|  |TAMS 0x0000000493800000, 0x0000000493800000| Untracked 
|  73|0x0000000493c00000, 0x0000000493c00000, 0x0000000494000000|  0%| F|  |TAMS 0x0000000493c00000, 0x0000000493c00000| Untracked 
|  74|0x0000000494000000, 0x0000000494000000, 0x0000000494400000|  0%| F|  |TAMS 0x0000000494000000, 0x0000000494000000| Untracked 
|  75|0x0000000494400000, 0x0000000494400000, 0x0000000494800000|  0%| F|  |TAMS 0x0000000494400000, 0x0000000494400000| Untracked 
|  76|0x0000000494800000, 0x0000000494800000, 0x0000000494c00000|  0%| F|  |TAMS 0x0000000494800000, 0x0000000494800000| Untracked 
|  77|0x0000000494c00000, 0x0000000494c00000, 0x0000000495000000|  0%| F|  |TAMS 0x0000000494c00000, 0x0000000494c00000| Untracked 
|  78|0x0000000495000000, 0x0000000495000000, 0x0000000495400000|  0%| F|  |TAMS 0x0000000495000000, 0x0000000495000000| Untracked 
|  79|0x0000000495400000, 0x0000000495400000, 0x0000000495800000|  0%| F|  |TAMS 0x0000000495400000, 0x0000000495400000| Untracked 
|  80|0x0000000495800000, 0x0000000495800000, 0x0000000495c00000|  0%| F|  |TAMS 0x0000000495800000, 0x0000000495800000| Untracked 
|  81|0x0000000495c00000, 0x0000000495c00000, 0x0000000496000000|  0%| F|  |TAMS 0x0000000495c00000, 0x0000000495c00000| Untracked 
|  82|0x0000000496000000, 0x0000000496000000, 0x0000000496400000|  0%| F|  |TAMS 0x0000000496000000, 0x0000000496000000| Untracked 
|  83|0x0000000496400000, 0x0000000496400000, 0x0000000496800000|  0%| F|  |TAMS 0x0000000496400000, 0x0000000496400000| Untracked 
|  84|0x0000000496800000, 0x0000000496800000, 0x0000000496c00000|  0%| F|  |TAMS 0x0000000496800000, 0x0000000496800000| Untracked 
|  85|0x0000000496c00000, 0x0000000496c00000, 0x0000000497000000|  0%| F|  |TAMS 0x0000000496c00000, 0x0000000496c00000| Untracked 
|  86|0x0000000497000000, 0x0000000497000000, 0x0000000497400000|  0%| F|  |TAMS 0x0000000497000000, 0x0000000497000000| Untracked 
|  87|0x0000000497400000, 0x0000000497400000, 0x0000000497800000|  0%| F|  |TAMS 0x0000000497400000, 0x0000000497400000| Untracked 
|  88|0x0000000497800000, 0x0000000497800000, 0x0000000497c00000|  0%| F|  |TAMS 0x0000000497800000, 0x0000000497800000| Untracked 
|  89|0x0000000497c00000, 0x0000000497c00000, 0x0000000498000000|  0%| F|  |TAMS 0x0000000497c00000, 0x0000000497c00000| Untracked 
|  90|0x0000000498000000, 0x0000000498000000, 0x0000000498400000|  0%| F|  |TAMS 0x0000000498000000, 0x0000000498000000| Untracked 
|  91|0x0000000498400000, 0x000000049857abd0, 0x0000000498800000| 36%| S|CS|TAMS 0x0000000498400000, 0x0000000498400000| Complete 
|  92|0x0000000498800000, 0x0000000498800000, 0x0000000498c00000|  0%| F|  |TAMS 0x0000000498800000, 0x0000000498800000| Untracked 
|  93|0x0000000498c00000, 0x0000000498c00000, 0x0000000499000000|  0%| F|  |TAMS 0x0000000498c00000, 0x0000000498c00000| Untracked 
|  94|0x0000000499000000, 0x0000000499000000, 0x0000000499400000|  0%| F|  |TAMS 0x0000000499000000, 0x0000000499000000| Untracked 
|  95|0x0000000499400000, 0x000000049972f250, 0x0000000499800000| 79%| E|  |TAMS 0x0000000499400000, 0x0000000499400000| Complete 

Card table byte_map: [0x000001f664860000,0x000001f665450000] _byte_map_base: 0x000001f662454000

Marking Bits (Prev, Next): (CMBitMap*) 0x000001f651501ec0, (CMBitMap*) 0x000001f651501f00
 Prev Bits: [0x000001f666040000, 0x000001f66bfa0000)
 Next Bits: [0x000001f66bfa0000, 0x000001f671f00000)

Polling page: 0x000001f64f410000

Metaspace:

Usage:
  Non-class:     14.00 MB used.
      Class:      1.86 MB used.
       Both:     15.86 MB used.

Virtual space:
  Non-class space:       16.00 MB reserved,      14.06 MB ( 88%) committed,  2 nodes.
      Class space:        1.00 GB reserved,       1.94 MB ( <1%) committed,  1 nodes.
             Both:        1.02 GB reserved,      16.00 MB (  2%) committed. 

Chunk freelists:
   Non-Class:  974.00 KB
       Class:  2.04 MB
        Both:  2.99 MB

MaxMetaspaceSize: unlimited
CompressedClassSpaceSize: 1.00 GB
Initial GC threshold: 21.00 MB
Current GC threshold: 21.00 MB
CDS: off
MetaspaceReclaimPolicy: balanced
 - commit_granule_bytes: 65536.
 - commit_granule_words: 8192.
 - virtual_space_node_default_size: 1048576.
 - enlarge_chunks_in_place: 1.
 - new_chunks_are_fully_committed: 0.
 - uncommit_free_chunks: 1.
 - use_allocation_guard: 0.
 - handle_deallocations: 1.


Internal statistics:

num_allocs_failed_limit: 0.
num_arena_births: 80.
num_arena_deaths: 0.
num_vsnodes_births: 3.
num_vsnodes_deaths: 0.
num_space_committed: 256.
num_space_uncommitted: 0.
num_chunks_returned_to_freelist: 0.
num_chunks_taken_from_freelist: 307.
num_chunk_merges: 0.
num_chunk_splits: 198.
num_chunks_enlarged: 162.
num_purges: 0.
num_inconsistent_stats: 0.

CodeHeap 'non-profiled nmethods': size=120000Kb used=489Kb max_used=489Kb free=119511Kb
 bounds [0x000001f65c410000, 0x000001f65c680000, 0x000001f663940000]
CodeHeap 'profiled nmethods': size=120000Kb used=2249Kb max_used=2249Kb free=117750Kb
 bounds [0x000001f654940000, 0x000001f654bb0000, 0x000001f65be70000]
CodeHeap 'non-nmethods': size=5760Kb used=1166Kb max_used=1188Kb free=4593Kb
 bounds [0x000001f65be70000, 0x000001f65c0e0000, 0x000001f65c410000]
 total_blobs=1690 nmethods=1230 adapters=373
 compilation: enabled
              stopped_count=0, restarted_count=0
 full_count=0

Compilation events (20 events):
Event: 3.502 Thread 0x000001f6754a5b70 nmethod 1227 0x000001f654b6f190 code [0x000001f654b6f320, 0x000001f654b6f438]
Event: 3.502 Thread 0x000001f6754a5b70 1221       3       org.gradle.internal.logging.text.AbstractLineChoppingStyledTextOutput$SeenFromEol::all (18 bytes)
Event: 3.502 Thread 0x000001f6754a5b70 nmethod 1221 0x000001f654b6f510 code [0x000001f654b6f6a0, 0x000001f654b6f818]
Event: 3.502 Thread 0x000001f6754a5b70 1223       3       org.gradle.internal.logging.text.AbstractLineChoppingStyledTextOutput::access$800 (4 bytes)
Event: 3.502 Thread 0x000001f6754a5b70 nmethod 1223 0x000001f654b6f910 code [0x000001f654b6faa0, 0x000001f654b6fb98]
Event: 3.502 Thread 0x000001f6754a5b70 1224       3       org.gradle.internal.logging.text.AbstractLineChoppingStyledTextOutput$2::execute (9 bytes)
Event: 3.503 Thread 0x000001f6754a5b70 nmethod 1224 0x000001f654b6fc10 code [0x000001f654b6fdc0, 0x000001f654b6ffe8]
Event: 3.503 Thread 0x000001f6754a5b70 1225       3       org.gradle.internal.logging.text.AbstractLineChoppingStyledTextOutput$2::execute (77 bytes)
Event: 3.504 Thread 0x000001f6754a5b70 nmethod 1225 0x000001f654b70090 code [0x000001f654b70360, 0x000001f654b71108]
Event: 3.522 Thread 0x000001f6754a5b70 1229       3       java.nio.ByteBuffer::hasArray (20 bytes)
Event: 3.522 Thread 0x000001f6754a5b70 nmethod 1229 0x000001f654b71690 code [0x000001f654b71820, 0x000001f654b719d8]
Event: 3.522 Thread 0x000001f67549d0c0 nmethod 1188% 0x000001f65c487e90 code [0x000001f65c4880a0, 0x000001f65c489460]
Event: 3.523 Thread 0x000001f67549d0c0 1228       4       org.gradle.internal.logging.text.AbstractLineChoppingStyledTextOutput$StateContext::isCurrentCharEquals (70 bytes)
Event: 3.525 Thread 0x000001f67549d0c0 nmethod 1228 0x000001f65c489c90 code [0x000001f65c489e20, 0x000001f65c489f88]
Event: 3.525 Thread 0x000001f67549d0c0 1230       4       org.gradle.internal.logging.text.AbstractLineChoppingStyledTextOutput$StateContext::hasChar (25 bytes)
Event: 3.526 Thread 0x000001f67549d0c0 nmethod 1230 0x000001f65c48a110 code [0x000001f65c48a280, 0x000001f65c48a338]
Event: 3.528 Thread 0x000001f6754a5b70 1231       3       java.lang.StringBuilder::append (8 bytes)
Event: 3.528 Thread 0x000001f6754a5b70 nmethod 1231 0x000001f654b71a90 code [0x000001f654b71c20, 0x000001f654b71d68]
Event: 3.528 Thread 0x000001f6754a5b70 1232       3       java.lang.AbstractStringBuilder::append (55 bytes)
Event: 3.529 Thread 0x000001f6754a5b70 nmethod 1232 0x000001f654b71e10 code [0x000001f654b71fe0, 0x000001f654b72318]

GC Heap History (4 events):
Event: 0.788 GC heap before
{Heap before GC invocations=0 (full 0):
 garbage-first heap   total 393216K, used 28672K [0x0000000481800000, 0x00000005ff000000)
  region size 4096K, 5 young (20480K), 0 survivors (0K)
 Metaspace       used 10265K, committed 10432K, reserved 1064960K
  class space    used 1004K, committed 1088K, reserved 1048576K
}
Event: 0.796 GC heap after
{Heap after GC invocations=1 (full 0):
 garbage-first heap   total 393216K, used 9850K [0x0000000481800000, 0x00000005ff000000)
  region size 4096K, 1 young (4096K), 1 survivors (4096K)
 Metaspace       used 10265K, committed 10432K, reserved 1064960K
  class space    used 1004K, committed 1088K, reserved 1048576K
}
Event: 1.765 GC heap before
{Heap before GC invocations=1 (full 0):
 garbage-first heap   total 393216K, used 26234K [0x0000000481800000, 0x00000005ff000000)
  region size 4096K, 5 young (20480K), 1 survivors (4096K)
 Metaspace       used 15895K, committed 16064K, reserved 1064960K
  class space    used 1865K, committed 1984K, reserved 1048576K
}
Event: 1.768 GC heap after
{Heap after GC invocations=2 (full 0):
 garbage-first heap   total 393216K, used 11450K [0x0000000481800000, 0x00000005ff000000)
  region size 4096K, 1 young (4096K), 1 survivors (4096K)
 Metaspace       used 15895K, committed 16064K, reserved 1064960K
  class space    used 1865K, committed 1984K, reserved 1048576K
}

Dll operation events (2 events):
Event: 0.009 Loaded shared library C:\Program Files\Android\Android Studio\jbr\bin\java.dll
Event: 0.151 Loaded shared library C:\Program Files\Android\Android Studio\jbr\bin\verify.dll

Deoptimization events (20 events):
Event: 1.680 Thread 0x000001f6514764e0 Uncommon trap: trap_request=0xffffff45 fr.pc=0x000001f65c448b64 relative=0x00000000000006a4
Event: 1.680 Thread 0x000001f6514764e0 Uncommon trap: reason=unstable_if action=reinterpret pc=0x000001f65c448b64 method=java.lang.AbstractStringBuilder.append(Ljava/lang/String;)Ljava/lang/AbstractStringBuilder; @ 1 c2
Event: 1.680 Thread 0x000001f6514764e0 DEOPT PACKING pc=0x000001f65c448b64 sp=0x00000007998fc760
Event: 1.680 Thread 0x000001f6514764e0 DEOPT UNPACKING pc=0x000001f65bec69a3 sp=0x00000007998fc6e0 mode 2
Event: 1.680 Thread 0x000001f6514764e0 Uncommon trap: trap_request=0xffffff45 fr.pc=0x000001f65c4443e4 relative=0x00000000000006a4
Event: 1.680 Thread 0x000001f6514764e0 Uncommon trap: reason=unstable_if action=reinterpret pc=0x000001f65c4443e4 method=java.lang.AbstractStringBuilder.append(Ljava/lang/String;)Ljava/lang/AbstractStringBuilder; @ 1 c2
Event: 1.680 Thread 0x000001f6514764e0 DEOPT PACKING pc=0x000001f65c4443e4 sp=0x00000007998fc700
Event: 1.680 Thread 0x000001f6514764e0 DEOPT UNPACKING pc=0x000001f65bec69a3 sp=0x00000007998fc6e8 mode 2
Event: 1.702 Thread 0x000001f6514764e0 Uncommon trap: trap_request=0xffffff45 fr.pc=0x000001f65c47c474 relative=0x0000000000000074
Event: 1.702 Thread 0x000001f6514764e0 Uncommon trap: reason=unstable_if action=reinterpret pc=0x000001f65c47c474 method=jdk.internal.misc.Unsafe.convEndian(ZI)I @ 4 c2
Event: 1.702 Thread 0x000001f6514764e0 DEOPT PACKING pc=0x000001f65c47c474 sp=0x00000007998fabf0
Event: 1.702 Thread 0x000001f6514764e0 DEOPT UNPACKING pc=0x000001f65bec69a3 sp=0x00000007998fab20 mode 2
Event: 1.743 Thread 0x000001f6514764e0 Uncommon trap: trap_request=0xffffff45 fr.pc=0x000001f65c47b8d0 relative=0x0000000000000190
Event: 1.743 Thread 0x000001f6514764e0 Uncommon trap: reason=unstable_if action=reinterpret pc=0x000001f65c47b8d0 method=java.lang.invoke.VarHandle.checkExactAccessMode(Ljava/lang/invoke/VarHandle$AccessDescriptor;)V @ 4 c2
Event: 1.743 Thread 0x000001f6514764e0 DEOPT PACKING pc=0x000001f65c47b8d0 sp=0x00000007998fc800
Event: 1.743 Thread 0x000001f6514764e0 DEOPT UNPACKING pc=0x000001f65bec69a3 sp=0x00000007998fc740 mode 2
Event: 3.526 Thread 0x000001f675eadf00 Uncommon trap: trap_request=0xffffff45 fr.pc=0x000001f65c48a2ec relative=0x000000000000006c
Event: 3.527 Thread 0x000001f675eadf00 Uncommon trap: reason=unstable_if action=reinterpret pc=0x000001f65c48a2ec method=org.gradle.internal.logging.text.AbstractLineChoppingStyledTextOutput$StateContext.hasChar()Z @ 16 c2
Event: 3.527 Thread 0x000001f675eadf00 DEOPT PACKING pc=0x000001f65c48a2ec sp=0x000000079b3feb30
Event: 3.527 Thread 0x000001f675eadf00 DEOPT UNPACKING pc=0x000001f65bec69a3 sp=0x000000079b3feac8 mode 2

Classes unloaded (0 events):
No events

Classes redefined (0 events):
No events

Internal exceptions (20 events):
Event: 0.887 Thread 0x000001f6514764e0 Exception <a 'java/lang/NoClassDefFoundError'{0x00000004995c4730}: org/slf4j/impl/StaticMarkerBinder> (0x00000004995c4730) 
thrown [s\src\hotspot\share\classfile\systemDictionary.cpp, line 245]
Event: 0.911 Thread 0x000001f6514764e0 Exception <a 'java/lang/NoSuchMethodError'{0x0000000499660558}: 'java.lang.Object java.lang.invoke.DirectMethodHandle$Holder.invokeVirtual(java.lang.Object, java.lang.Object, java.lang.Object, java.lang.Object, java.lang.Object, java.lang.Object, java.lang.Object)'> (0x0000000499660558) 
thrown [s\src\hotspot\share\interpreter\linkResolver.cpp, line 771]
Event: 0.914 Thread 0x000001f6514764e0 Exception <a 'java/lang/NoSuchMethodError'{0x0000000499671e00}: 'java.lang.Object java.lang.invoke.Invokers$Holder.invoker(java.lang.Object, java.lang.Object, java.lang.Object)'> (0x0000000499671e00) 
thrown [s\src\hotspot\share\interpreter\linkResolver.cpp, line 771]
Event: 0.918 Thread 0x000001f6514764e0 Exception <a 'java/lang/NoSuchMethodError'{0x000000049967afb0}: 'java.lang.Object java.lang.invoke.DirectMethodHandle$Holder.invokeStatic(java.lang.Object, java.lang.Object, int)'> (0x000000049967afb0) 
thrown [s\src\hotspot\share\interpreter\linkResolver.cpp, line 771]
Event: 0.921 Thread 0x000001f6514764e0 Exception <a 'java/lang/NoSuchMethodError'{0x0000000499686ca0}: 'void java.lang.invoke.DelegatingMethodHandle$Holder.delegate(java.lang.Object, java.lang.Object, int, java.lang.Object)'> (0x0000000499686ca0) 
thrown [s\src\hotspot\share\interpreter\linkResolver.cpp, line 771]
Event: 0.922 Thread 0x000001f6514764e0 Exception <a 'java/lang/NoSuchMethodError'{0x000000049968ae68}: 'int java.lang.invoke.DirectMethodHandle$Holder.invokeSpecial(java.lang.Object, java.lang.Object, java.lang.Object)'> (0x000000049968ae68) 
thrown [s\src\hotspot\share\interpreter\linkResolver.cpp, line 771]
Event: 0.927 Thread 0x000001f6514764e0 Exception <a 'java/lang/NoSuchMethodError'{0x000000049969e020}: 'java.lang.Object java.lang.invoke.Invokers$Holder.invokeExact_MT(java.lang.Object, java.lang.Object, java.lang.Object, java.lang.Object)'> (0x000000049969e020) 
thrown [s\src\hotspot\share\interpreter\linkResolver.cpp, line 771]
Event: 1.067 Thread 0x000001f6514764e0 Exception <a 'java/lang/NoSuchMethodError'{0x000000049929cb98}: 'java.lang.Object java.lang.invoke.DirectMethodHandle$Holder.invokeInterface(java.lang.Object, java.lang.Object, java.lang.Object)'> (0x000000049929cb98) 
thrown [s\src\hotspot\share\interpreter\linkResolver.cpp, line 771]
Event: 1.072 Thread 0x000001f6514764e0 Exception <a 'java/lang/NoSuchMethodError'{0x00000004992be620}: 'void java.lang.invoke.DirectMethodHandle$Holder.invokeSpecial(java.lang.Object, java.lang.Object, java.lang.Object)'> (0x00000004992be620) 
thrown [s\src\hotspot\share\interpreter\linkResolver.cpp, line 771]
Event: 1.093 Thread 0x000001f6514764e0 Implicit null exception at 0x000001f65c46320f to 0x000001f65c463688
Event: 1.093 Thread 0x000001f6514764e0 Implicit null exception at 0x000001f65c44c70f to 0x000001f65c44cb68
Event: 1.120 Thread 0x000001f6514764e0 Exception <a 'java/lang/NoSuchMethodError'{0x0000000498c5c918}: 'java.lang.Object java.lang.invoke.DirectMethodHandle$Holder.invokeStaticInit(java.lang.Object)'> (0x0000000498c5c918) 
thrown [s\src\hotspot\share\interpreter\linkResolver.cpp, line 771]
Event: 1.286 Thread 0x000001f6514764e0 Exception <a 'java/lang/NoSuchMethodError'{0x0000000498856ea8}: 'java.lang.Object java.lang.invoke.DirectMethodHandle$Holder.invokeStaticInit(java.lang.Object, int, int, int, int)'> (0x0000000498856ea8) 
thrown [s\src\hotspot\share\interpreter\linkResolver.cpp, line 771]
Event: 1.365 Thread 0x000001f6514764e0 Exception <a 'java/lang/NoSuchMethodError'{0x0000000498918a80}: 'java.lang.Object java.lang.invoke.DirectMethodHandle$Holder.invokeStaticInit(java.lang.Object, java.lang.Object, int, int, int, int)'> (0x0000000498918a80) 
thrown [s\src\hotspot\share\interpreter\linkResolver.cpp, line 771]
Event: 1.665 Thread 0x000001f6514764e0 Exception <a 'java/lang/NoSuchMethodError'{0x00000004989470d8}: 'void java.lang.invoke.DirectMethodHandle$Holder.invokeStatic(java.lang.Object, java.lang.Object, java.lang.Object)'> (0x00000004989470d8) 
thrown [s\src\hotspot\share\interpreter\linkResolver.cpp, line 771]
Event: 1.680 Thread 0x000001f6514764e0 Implicit null exception at 0x000001f65c4484f2 to 0x000001f65c448b4c
Event: 1.680 Thread 0x000001f6514764e0 Implicit null exception at 0x000001f65c443d72 to 0x000001f65c4443cc
Event: 3.478 Thread 0x000001f6514764e0 Exception <a 'sun/net/ConnectionResetException'{0x00000004994349f8}: Connection reset> (0x00000004994349f8) 
thrown [s\src\hotspot\share\prims\jni.cpp, line 536]
Event: 3.496 Thread 0x000001f6514764e0 Exception <a 'java/lang/NoSuchMethodError'{0x00000004996497e8}: 'int java.lang.invoke.DirectMethodHandle$Holder.invokeVirtual(java.lang.Object, java.lang.Object)'> (0x00000004996497e8) 
thrown [s\src\hotspot\share\interpreter\linkResolver.cpp, line 771]
Event: 3.528 Thread 0x000001f6768a25d0 Exception <a 'java/io/IOException'{0x000000049950c8a8}: Connection reset by peer> (0x000000049950c8a8) 
thrown [s\src\hotspot\share\prims\jni.cpp, line 536]

VM Operations (16 events):
Event: 0.147 Executing VM operation: HandshakeAllThreads
Event: 0.147 Executing VM operation: HandshakeAllThreads done
Event: 0.729 Executing VM operation: HandshakeAllThreads
Event: 0.729 Executing VM operation: HandshakeAllThreads done
Event: 0.788 Executing VM operation: G1CollectForAllocation
Event: 0.796 Executing VM operation: G1CollectForAllocation done
Event: 0.917 Executing VM operation: HandshakeAllThreads
Event: 0.917 Executing VM operation: HandshakeAllThreads done
Event: 1.214 Executing VM operation: HandshakeAllThreads
Event: 1.214 Executing VM operation: HandshakeAllThreads done
Event: 1.341 Executing VM operation: HandshakeAllThreads
Event: 1.341 Executing VM operation: HandshakeAllThreads done
Event: 1.765 Executing VM operation: G1CollectForAllocation
Event: 1.768 Executing VM operation: G1CollectForAllocation done
Event: 2.783 Executing VM operation: Cleanup
Event: 2.784 Executing VM operation: Cleanup done

Events (20 events):
Event: 1.971 loading class jdk/internal/reflect/UTF8
Event: 1.971 loading class jdk/internal/reflect/UTF8 done
Event: 1.971 Thread 0x000001f6759006a0 Thread exited: 0x000001f6759006a0
Event: 1.972 loading class jdk/internal/reflect/Label
Event: 1.972 loading class jdk/internal/reflect/Label done
Event: 1.972 loading class jdk/internal/reflect/Label$PatchInfo
Event: 1.972 loading class jdk/internal/reflect/Label$PatchInfo done
Event: 1.972 loading class jdk/internal/reflect/MethodAccessorGenerator$1
Event: 1.972 loading class jdk/internal/reflect/MethodAccessorGenerator$1 done
Event: 1.972 loading class jdk/internal/reflect/ClassDefiner
Event: 1.972 loading class jdk/internal/reflect/ClassDefiner done
Event: 1.972 loading class jdk/internal/reflect/ClassDefiner$1
Event: 1.973 loading class jdk/internal/reflect/ClassDefiner$1 done
Event: 2.737 loading class jdk/internal/misc/ScopedMemoryAccess$Scope
Event: 2.737 loading class jdk/internal/misc/ScopedMemoryAccess$Scope done
Event: 3.478 loading class sun/net/ConnectionResetException
Event: 3.478 loading class sun/net/ConnectionResetException done
Event: 3.527 loading class java/util/concurrent/locks/AbstractQueuedSynchronizer$ExclusiveNode
Event: 3.527 loading class java/util/concurrent/locks/AbstractQueuedSynchronizer$ExclusiveNode done
Event: 3.528 Thread 0x000001f6768a25d0 Thread exited: 0x000001f6768a25d0


Dynamic libraries:
0x00007ff6f0f30000 - 0x00007ff6f0f3a000 	C:\Program Files\Android\Android Studio\jbr\bin\java.exe
0x00007ffcd9d40000 - 0x00007ffcd9f49000 	C:\Windows\SYSTEM32\ntdll.dll
0x00007ffcd9980000 - 0x00007ffcd9a3d000 	C:\Windows\System32\KERNEL32.DLL
0x00007ffcd74d0000 - 0x00007ffcd7849000 	C:\Windows\System32\KERNELBASE.dll
0x00007ffcd72c0000 - 0x00007ffcd73d1000 	C:\Windows\System32\ucrtbase.dll
0x00007ffcbda60000 - 0x00007ffcbda77000 	C:\Program Files\Android\Android Studio\jbr\bin\jli.dll
0x00007ffcbd980000 - 0x00007ffcbd99b000 	C:\Program Files\Android\Android Studio\jbr\bin\VCRUNTIME140.dll
0x00007ffcd8490000 - 0x00007ffcd863c000 	C:\Windows\System32\USER32.dll
0x00007ffcba280000 - 0x00007ffcba525000 	C:\Windows\WinSxS\amd64_microsoft.windows.common-controls_6595b64144ccf1df_6.0.22000.120_none_9d947278b86cc467\COMCTL32.dll
0x00007ffcd74a0000 - 0x00007ffcd74c6000 	C:\Windows\System32\win32u.dll
0x00007ffcd8860000 - 0x00007ffcd8903000 	C:\Windows\System32\msvcrt.dll
0x00007ffcd8f40000 - 0x00007ffcd8f69000 	C:\Windows\System32\GDI32.dll
0x00007ffcd7ab0000 - 0x00007ffcd7bc2000 	C:\Windows\System32\gdi32full.dll
0x00007ffcd7220000 - 0x00007ffcd72bd000 	C:\Windows\System32\msvcp_win.dll
0x00007ffcd9cc0000 - 0x00007ffcd9cf1000 	C:\Windows\System32\IMM32.DLL
0x00007ffcbd710000 - 0x00007ffcbd71c000 	C:\Program Files\Android\Android Studio\jbr\bin\vcruntime140_1.dll
0x00007ffcac770000 - 0x00007ffcac7fd000 	C:\Program Files\Android\Android Studio\jbr\bin\msvcp140.dll
0x00007ffc0f4f0000 - 0x00007ffc1015d000 	C:\Program Files\Android\Android Studio\jbr\bin\server\jvm.dll
0x00007ffcd9610000 - 0x00007ffcd96be000 	C:\Windows\System32\ADVAPI32.dll
0x00007ffcd9060000 - 0x00007ffcd90fe000 	C:\Windows\System32\sechost.dll
0x00007ffcd9110000 - 0x00007ffcd9230000 	C:\Windows\System32\RPCRT4.dll
0x00007ffcd0d60000 - 0x00007ffcd0d93000 	C:\Windows\SYSTEM32\WINMM.dll
0x00007ffc73680000 - 0x00007ffc73689000 	C:\Windows\SYSTEM32\WSOCK32.dll
0x00007ffcd0d30000 - 0x00007ffcd0d3a000 	C:\Windows\SYSTEM32\VERSION.dll
0x00007ffcd8420000 - 0x00007ffcd848f000 	C:\Windows\System32\WS2_32.dll
0x00007ffcd63d0000 - 0x00007ffcd63e8000 	C:\Windows\SYSTEM32\kernel.appcore.dll
0x00007ffcd3310000 - 0x00007ffcd331a000 	C:\Program Files\Android\Android Studio\jbr\bin\jimage.dll
0x00007ffcd4520000 - 0x00007ffcd4741000 	C:\Windows\SYSTEM32\DBGHELP.DLL
0x00007ffcb8be0000 - 0x00007ffcb8c11000 	C:\Windows\SYSTEM32\dbgcore.DLL
0x00007ffcd7850000 - 0x00007ffcd78cf000 	C:\Windows\System32\bcryptPrimitives.dll
0x00007ffcc22e0000 - 0x00007ffcc2305000 	C:\Program Files\Android\Android Studio\jbr\bin\java.dll
0x00007ffcc31e0000 - 0x00007ffcc31f8000 	C:\Program Files\Android\Android Studio\jbr\bin\zip.dll
0x00007ffcd7c30000 - 0x00007ffcd83e8000 	C:\Windows\System32\SHELL32.dll
0x00007ffcd5350000 - 0x00007ffcd5bb8000 	C:\Windows\SYSTEM32\windows.storage.dll
0x00007ffcd9290000 - 0x00007ffcd9609000 	C:\Windows\System32\combase.dll
0x00007ffcd51e0000 - 0x00007ffcd5346000 	C:\Windows\SYSTEM32\wintypes.dll
0x00007ffcd9a40000 - 0x00007ffcd9b2a000 	C:\Windows\System32\SHCORE.dll
0x00007ffcd7bd0000 - 0x00007ffcd7c2d000 	C:\Windows\System32\shlwapi.dll
0x00007ffcd7150000 - 0x00007ffcd7171000 	C:\Windows\SYSTEM32\profapi.dll
0x00007ffcc07d0000 - 0x00007ffcc07e9000 	C:\Program Files\Android\Android Studio\jbr\bin\net.dll
0x00007ffcd13a0000 - 0x00007ffcd14ac000 	C:\Windows\SYSTEM32\WINHTTP.dll
0x00007ffcd67f0000 - 0x00007ffcd6857000 	C:\Windows\system32\mswsock.dll
0x00007ffcc02d0000 - 0x00007ffcc02e6000 	C:\Program Files\Android\Android Studio\jbr\bin\nio.dll
0x00007ffcc25b0000 - 0x00007ffcc25c0000 	C:\Program Files\Android\Android Studio\jbr\bin\verify.dll
0x00007ffcc19b0000 - 0x00007ffcc19d7000 	C:\Users\mahmoud442\.gradle\native\e1d6ef7f7dcc3fd88c89a11ec53ec762bb8ba0a96d01ffa2cd45eb1d1d8dd5c5\windows-amd64\native-platform.dll
0x00007ffcd3300000 - 0x00007ffcd3309000 	C:\Program Files\Android\Android Studio\jbr\bin\management.dll
0x00007ffcc30d0000 - 0x00007ffcc30db000 	C:\Program Files\Android\Android Studio\jbr\bin\management_ext.dll
0x00007ffcd9970000 - 0x00007ffcd9978000 	C:\Windows\System32\PSAPI.DLL
0x00007ffcd6ac0000 - 0x00007ffcd6ad8000 	C:\Windows\SYSTEM32\CRYPTSP.dll
0x00007ffcd6330000 - 0x00007ffcd6365000 	C:\Windows\system32\rsaenh.dll
0x00007ffcd6890000 - 0x00007ffcd68b9000 	C:\Windows\SYSTEM32\USERENV.dll
0x00007ffcd6c00000 - 0x00007ffcd6c27000 	C:\Windows\SYSTEM32\bcrypt.dll
0x00007ffcd69e0000 - 0x00007ffcd69ec000 	C:\Windows\SYSTEM32\CRYPTBASE.dll
0x00007ffcd5eb0000 - 0x00007ffcd5edd000 	C:\Windows\SYSTEM32\IPHLPAPI.DLL
0x00007ffcd9100000 - 0x00007ffcd9109000 	C:\Windows\System32\NSI.dll
0x00007ffcd1200000 - 0x00007ffcd1219000 	C:\Windows\SYSTEM32\dhcpcsvc6.DLL
0x00007ffcd2130000 - 0x00007ffcd214e000 	C:\Windows\SYSTEM32\dhcpcsvc.DLL
0x00007ffcd5f70000 - 0x00007ffcd6058000 	C:\Windows\SYSTEM32\DNSAPI.dll
0x00007ffca1fe0000 - 0x00007ffca1fe8000 	C:\Windows\system32\wshunix.dll

dbghelp: loaded successfully - version: 4.0.5 - missing functions: none
symbol engine: initialized successfully - sym options: 0x614 - pdb path: .;C:\Program Files\Android\Android Studio\jbr\bin;C:\Windows\SYSTEM32;C:\Windows\WinSxS\amd64_microsoft.windows.common-controls_6595b64144ccf1df_6.0.22000.120_none_9d947278b86cc467;C:\Program Files\Android\Android Studio\jbr\bin\server;C:\Users\mahmoud442\.gradle\native\e1d6ef7f7dcc3fd88c89a11ec53ec762bb8ba0a96d01ffa2cd45eb1d1d8dd5c5\windows-amd64

VM Arguments:
jvm_args: -Dorg.gradle.appname=gradlew 
java_command: org.gradle.wrapper.GradleWrapperMain -q -Ptarget-platform=android-x64 -Ptarget=D:\project_flutter\coffee_app-v1.0.1\lib\main.dart -Pbase-application-name=android.app.Application -Pdart-defines=RkxVVFRFUl9XRUJfQVVUT19ERVRFQ1Q9dHJ1ZQ==,RkxVVFRFUl9XRUJfQ0FOVkFTS0lUX1VSTD1odHRwczovL3d3dy5nc3RhdGljLmNvbS9mbHV0dGVyLWNhbnZhc2tpdC80NWY2ZTAwOTExMGRmNGYzNGVjMmNmOTlmNjNjZjczYjcxYjdhNDIwLw== -Pdart-obfuscation=false -Ptrack-widget-creation=true -Ptree-shake-icons=false -Pfilesystem-scheme=org-dartlang-root assembleDebug
java_class_path (initial): D:\project_flutter\coffee_app-v1.0.1\android\\gradle\wrapper\gradle-wrapper.jar
Launcher Type: SUN_STANDARD

[Global flags]
     intx CICompilerCount                          = 4                                         {product} {ergonomic}
     uint ConcGCThreads                            = 2                                         {product} {ergonomic}
     uint G1ConcRefinementThreads                  = 8                                         {product} {ergonomic}
   size_t G1HeapRegionSize                         = 4194304                                   {product} {ergonomic}
    uintx GCDrainStackTargetSize                   = 64                                        {product} {ergonomic}
   size_t InitialHeapSize                          = 402653184                                 {product} {ergonomic}
   size_t MarkStackSize                            = 4194304                                   {product} {ergonomic}
   size_t MaxHeapSize                              = 6400507904                                {product} {ergonomic}
   size_t MaxNewSize                               = 3837788160                                {product} {ergonomic}
   size_t MinHeapDeltaBytes                        = 4194304                                   {product} {ergonomic}
   size_t MinHeapSize                              = 8388608                                   {product} {ergonomic}
    uintx NonNMethodCodeHeapSize                   = 5839372                                {pd product} {ergonomic}
    uintx NonProfiledCodeHeapSize                  = 122909434                              {pd product} {ergonomic}
    uintx ProfiledCodeHeapSize                     = 122909434                              {pd product} {ergonomic}
    uintx ReservedCodeCacheSize                    = 251658240                              {pd product} {ergonomic}
     bool SegmentedCodeCache                       = true                                      {product} {ergonomic}
   size_t SoftMaxHeapSize                          = 6400507904                             {manageable} {ergonomic}
     bool UseCompressedClassPointers               = true                           {product lp64_product} {ergonomic}
     bool UseCompressedOops                        = true                           {product lp64_product} {ergonomic}
     bool UseG1GC                                  = true                                      {product} {ergonomic}
     bool UseLargePagesIndividualAllocation        = false                                  {pd product} {ergonomic}

Logging:
Log output configuration:
 #0: stdout all=warning uptime,level,tags
 #1: stderr all=off uptime,level,tags

Environment Variables:
JAVA_HOME=C:\Program Files\Android\Android Studio\jbr
CLASSPATH=D:\project_flutter\coffee_app-v1.0.1\android\\gradle\wrapper\gradle-wrapper.jar
PATH=D:\bin\;C:\Program Files\Microsoft\jdk-11.0.20.8-hotspot\bin;C:\Program Files (x86)\Razer\ChromaBroadcast\bin;C:\Program Files\Razer\ChromaBroadcast\bin;C:\Program Files (x86)\Common Files\Oracle\Java\javapath;C:\Program Files (x86)\Rational\Rational Test;C:\Users\mahmoud442\AppData\Local\Microsoft\WindowsApps;C:\Users\mahmoud442\.dotnet\tools;C:\wamp64\bin\php\php8.1.0;C:\ProgramData\ComposerSetup\bin;C:\Program Files\Git\bin;C:\Program Files\dotnet\;C:\wamp64\bin\php\php5.6.40;C:\Users\mahmoud442\AppData\Local\Android\Sdk\platform-tools;D:\flutter\bin;C:\Program Files\Common Files\Oracle\Java\javapath;C:\Users\mahmoud442\AppData\Local\Android\Sdk\platforms;C:\Users\mahmoud442\AppData\Local\Android\Sdk\platform-tools;C:\flutter;C:\Windows\System32;C:\Users\mahmoud442\AppData\Local\Android\Sdk\build-tools;C:\ProgramData\chocolatey\bin;C:\Program Files\nodejs\;C:\Program Files (x86)\Bitvise SSH Client;C:\Program Files\OpenSSL-Win64\bin;;C:\Program Files\Docker\Docker\resources\bin;C:\Users\mahmoud442\AppData\Local\Microsoft\WindowsApps;C:\Users\mahmoud442\AppData\Roaming\Composer\vendor\bin;C:\Users\mahmoud442\AppData\Local\GitHubDesktop\bin;C:\wamp64\bin\php\php8.0.13;C:\Program Files\Git\bin;C:\Program Files\Common Files\Oracle\Java\javapath;C:\Users\mahmoud442\AppData\Local\Android\Sdk\platforms;C:\Users\mahmoud442\AppData\Local\Android\Sdk\platform-tools;C:\flutter;C:\Windows\System32;C:\Users\mahmoud442\AppData\Local\Programs\Microsoft VS Code\bin;C:\Users\mahmoud442\AppData\Roaming\npm;C:\Program Files\Docker\Docker\resources\bin;C:\Program Files\Java\jdk-17\bin;C:\Program Files\Java\jre1.8.0_351\bin;c:\windows\system32\cmd.exe;;D:\Flutter\bin\mingit\cmd
USERNAME=mahmoud442
SHELL=C:\PROGRA~2\RATIONAL\RATION~1\NUTCROOT\mksnt\sh.exe
DISPLAY=:0.0
TERM=nutc
TMPDIR=C:\Users\MAHMOU~1\AppData\Local\Temp
OS=Windows_NT
PROCESSOR_IDENTIFIER=Intel64 Family 6 Model 142 Stepping 12, GenuineIntel
TMP=C:\Users\MAHMOU~1\AppData\Local\Temp
TEMP=C:\Users\MAHMOU~1\AppData\Local\Temp



---------------  S Y S T E M  ---------------

OS:
 Windows 11 , 64 bit Build 22000 (10.0.22000.708)
OS uptime: 0 days 6:07 hours
Hyper-V role detected

CPU: total 8 (initial active 8) (4 cores per cpu, 2 threads per core) family 6 model 142 stepping 12 microcode 0xf8, cx8, cmov, fxsr, ht, mmx, 3dnowpref, sse, sse2, sse3, ssse3, sse4.1, sse4.2, popcnt, lzcnt, tsc, tscinvbit, avx, avx2, aes, erms, clmul, bmi1, bmi2, adx, fma, vzeroupper, clflush, clflushopt, hv

Memory: 4k page, system-wide physical 24403M (5119M free)
TotalPageFile size 34709M (AvailPageFile size 15M)
current process WorkingSet (physical memory assigned to process): 100M, peak: 100M
current process commit charge ("private bytes"): 499M, peak: 499M

vm_info: OpenJDK 64-Bit Server VM (17.0.6+0-b2043.56-9586694) for windows-amd64 JRE (17.0.6+0-b2043.56-9586694), built on Feb  9 2023 20:06:20 by "androidbuild" with MS VC++ 16.10 / 16.11 (VS2019)

END.
