#
# There is insufficient memory for the Java Runtime Environment to continue.
# Native memory allocation (mmap) failed to map 402653184 bytes for G1 virtual space
# Possible reasons:
#   The system is out of physical RAM or swap space
#   The process is running with CompressedOops enabled, and the Java Heap may be blocking the growth of the native heap
# Possible solutions:
#   Reduce memory load on the system
#   Increase physical memory or swap space
#   Check if swap backing store is full
#   Decrease Java heap size (-Xmx/-Xms)
#   Decrease number of Java threads
#   Decrease Java thread stack sizes (-Xss)
#   Set larger code cache with -XX:ReservedCodeCacheSize=
#   JVM is running with Zero Based Compressed Oops mode in which the Java heap is
#     placed in the first 32GB address space. The Java Heap base address is the
#     maximum limit for the native heap growth. Please use -XX:HeapBaseMinAddress
#     to set the Java Heap base and to place the Java Heap above 32GB virtual address.
# This output file may be truncated or incomplete.
#
#  Out of Memory Error (os_windows.cpp:3769), pid=28816, tid=30396
#
# JRE version:  (17.0.6) (build )
# Java VM: OpenJDK 64-Bit Server VM (17.0.6+0-b2043.56-9586694, mixed mode, sharing, tiered, compressed oops, compressed class ptrs, g1 gc, windows-amd64)
# No core dump will be written. Minidumps are not enabled by default on client versions of Windows
#

---------------  S U M M A R Y ------------

Command Line: org.jetbrains.kotlin.cli.jvm.K2JVMCompiler @D:\project_flutter\coffee_app-v1.0.1\build\app\20240221_2007263887407937440.compiler.options

Host: Intel(R) Core(TM) i7-8565U CPU @ 1.80GHz, 8 cores, 23G,  Windows 11 , 64 bit Build 22000 (10.0.22000.708)
Time: Wed Feb 21 00:56:18 2024 Arabian Standard Time elapsed time: 0.284731 seconds (0d 0h 0m 0s)

---------------  T H R E A D  ---------------

Current thread (0x0000021c712a4970):  JavaThread "Unknown thread" [_thread_in_vm, id=30396, stack(0x000000fbb5800000,0x000000fbb5900000)]

Stack: [0x000000fbb5800000,0x000000fbb5900000]
Native frames: (J=compiled Java code, j=interpreted, Vv=VM code, C=native code)
V  [jvm.dll+0x683b4a]
V  [jvm.dll+0x842654]
V  [jvm.dll+0x843dfe]
V  [jvm.dll+0x844463]
V  [jvm.dll+0x249b75]
V  [jvm.dll+0x680a19]
V  [jvm.dll+0x674f0a]
V  [jvm.dll+0x309acb]
V  [jvm.dll+0x310f86]
V  [jvm.dll+0x3608ee]
V  [jvm.dll+0x360b1f]
V  [jvm.dll+0x2dfbf8]
V  [jvm.dll+0x2e0b64]
V  [jvm.dll+0x813f41]
V  [jvm.dll+0x36e6a1]
V  [jvm.dll+0x7f347c]
V  [jvm.dll+0x3f0e8f]
V  [jvm.dll+0x3f29d1]
C  [jli.dll+0x526b]
C  [ucrtbase.dll+0x26c0c]
C  [KERNEL32.DLL+0x154e0]
C  [ntdll.dll+0x485b]


---------------  P R O C E S S  ---------------

Threads class SMR info:
_java_thread_list=0x00007ffebb1bc058, length=0, elements={
}

Java Threads: ( => current thread )

Other Threads:
  0x0000021c71330200 GCTaskThread "GC Thread#0" [stack: 0x000000fbb5900000,0x000000fbb5a00000] [id=2844]
  0x0000021c7133e010 ConcurrentGCThread "G1 Main Marker" [stack: 0x000000fbb5a00000,0x000000fbb5b00000] [id=30704]
  0x0000021c7133f1c0 ConcurrentGCThread "G1 Conc#0" [stack: 0x000000fbb5b00000,0x000000fbb5c00000] [id=19224]

[error occurred during error reporting (printing all threads), id 0xc0000005, EXCEPTION_ACCESS_VIOLATION (0xc0000005) at pc=0x00007ffeba970797]

VM state: not at safepoint (not fully initialized)

VM Mutex/Monitor currently owned by a thread:  ([mutex/lock_event])
[0x0000021c712a07c0] Heap_lock - owner thread: 0x0000021c712a4970

Heap address: 0x0000000682800000, size: 6104 MB, Compressed Oops mode: Zero based, Oop shift amount: 3

CDS archive(s) mapped at: [0x0000000000000000-0x0000000000000000-0x0000000000000000), size 0, SharedBaseAddress: 0x0000000800000000, ArchiveRelocationMode: 0.
Narrow klass base: 0x0000000000000000, Narrow klass shift: 0, Narrow klass range: 0x0

GC Precious Log:
<Empty>

Heap:
 garbage-first heap   total 0K, used 0K [0x0000000682800000, 0x0000000800000000)
  region size 4096K, 0 young (0K), 0 survivors (0K)

[error occurred during error reporting (printing heap information), id 0xc0000005, EXCEPTION_ACCESS_VIOLATION (0xc0000005) at pc=0x00007ffebad5d939]

GC Heap History (0 events):
No events

Dll operation events (1 events):
Event: 0.010 Loaded shared library C:\Program Files\Android\Android Studio\jbr\bin\java.dll

Deoptimization events (0 events):
No events

Classes unloaded (0 events):
No events

Classes redefined (0 events):
No events

Internal exceptions (0 events):
No events

VM Operations (0 events):
No events

Events (0 events):
No events


Dynamic libraries:
0x00007ff7679b0000 - 0x00007ff7679ba000 	C:\Program Files\Android\Android Studio\jbr\bin\java.exe
0x00007fff771c0000 - 0x00007fff773c9000 	C:\Windows\SYSTEM32\ntdll.dll
0x00007fff76160000 - 0x00007fff7621d000 	C:\Windows\System32\KERNEL32.DLL
0x00007fff74b40000 - 0x00007fff74eb9000 	C:\Windows\System32\KERNELBASE.dll
0x00007fff74ec0000 - 0x00007fff74fd1000 	C:\Windows\System32\ucrtbase.dll
0x00007fff49670000 - 0x00007fff49687000 	C:\Program Files\Android\Android Studio\jbr\bin\jli.dll
0x00007fff76220000 - 0x00007fff763cc000 	C:\Windows\System32\USER32.dll
0x00007fff74800000 - 0x00007fff74826000 	C:\Windows\System32\win32u.dll
0x00007fff76120000 - 0x00007fff76149000 	C:\Windows\System32\GDI32.dll
0x00007fff49690000 - 0x00007fff496ab000 	C:\Program Files\Android\Android Studio\jbr\bin\VCRUNTIME140.dll
0x00007fff748b0000 - 0x00007fff749c2000 	C:\Windows\System32\gdi32full.dll
0x00007fff746a0000 - 0x00007fff7473d000 	C:\Windows\System32\msvcp_win.dll
0x00007fff56140000 - 0x00007fff563e5000 	C:\Windows\WinSxS\amd64_microsoft.windows.common-controls_6595b64144ccf1df_6.0.22000.120_none_9d947278b86cc467\COMCTL32.dll
0x00007fff75990000 - 0x00007fff75a33000 	C:\Windows\System32\msvcrt.dll
0x00007fff75a40000 - 0x00007fff75a71000 	C:\Windows\System32\IMM32.DLL
0x00007fff49660000 - 0x00007fff4966c000 	C:\Program Files\Android\Android Studio\jbr\bin\vcruntime140_1.dll
0x00007ffebb2f0000 - 0x00007ffebb37d000 	C:\Program Files\Android\Android Studio\jbr\bin\msvcp140.dll
0x00007ffeba680000 - 0x00007ffebb2ed000 	C:\Program Files\Android\Android Studio\jbr\bin\server\jvm.dll
0x00007fff751d0000 - 0x00007fff7527e000 	C:\Windows\System32\ADVAPI32.dll
0x00007fff75c20000 - 0x00007fff75cbe000 	C:\Windows\System32\sechost.dll
0x00007fff756f0000 - 0x00007fff75810000 	C:\Windows\System32\RPCRT4.dll
0x00007fff2a800000 - 0x00007fff2a809000 	C:\Windows\SYSTEM32\WSOCK32.dll
0x00007fff75920000 - 0x00007fff7598f000 	C:\Windows\System32\WS2_32.dll
0x00007fff6cd80000 - 0x00007fff6cdb3000 	C:\Windows\SYSTEM32\WINMM.dll
0x00007fff6c490000 - 0x00007fff6c49a000 	C:\Windows\SYSTEM32\VERSION.dll
0x00007fff73850000 - 0x00007fff73868000 	C:\Windows\SYSTEM32\kernel.appcore.dll
0x00007fff49650000 - 0x00007fff4965a000 	C:\Program Files\Android\Android Studio\jbr\bin\jimage.dll
0x00007fff720b0000 - 0x00007fff722d1000 	C:\Windows\SYSTEM32\DBGHELP.DLL
0x00007fff64c60000 - 0x00007fff64c91000 	C:\Windows\SYSTEM32\dbgcore.DLL
0x00007fff74830000 - 0x00007fff748af000 	C:\Windows\System32\bcryptPrimitives.dll
0x00007ffeba650000 - 0x00007ffeba675000 	C:\Program Files\Android\Android Studio\jbr\bin\java.dll

dbghelp: loaded successfully - version: 4.0.5 - missing functions: none
symbol engine: initialized successfully - sym options: 0x614 - pdb path: .;C:\Program Files\Android\Android Studio\jbr\bin;C:\Windows\SYSTEM32;C:\Windows\WinSxS\amd64_microsoft.windows.common-controls_6595b64144ccf1df_6.0.22000.120_none_9d947278b86cc467;C:\Program Files\Android\Android Studio\jbr\bin\server

VM Arguments:
java_command: org.jetbrains.kotlin.cli.jvm.K2JVMCompiler @D:\project_flutter\coffee_app-v1.0.1\build\app\20240221_2007263887407937440.compiler.options
java_class_path (initial): C:\Users\mahmoud442\.gradle\caches\modules-2\files-2.1\org.jetbrains.kotlin\kotlin-compiler-embeddable\1.7.20\8db18559a581dd2c36ddfd5046af145650f5b126\kotlin-compiler-embeddable-1.7.20.jar;C:\Users\mahmoud442\.gradle\caches\modules-2\files-2.1\org.jetbrains.kotlin\kotlin-reflect\1.7.20\12b2501e33bb6373e8e347c86d85481863629381\kotlin-reflect-1.7.20.jar;C:\Users\mahmoud442\.gradle\caches\modules-2\files-2.1\org.jetbrains.kotlin\kotlin-stdlib\1.7.20\726594ea9ba2beb2ee113647fefa9a10f9fabe52\kotlin-stdlib-1.7.20.jar;C:\Users\mahmoud442\.gradle\caches\modules-2\files-2.1\org.jetbrains.kotlin\kotlin-script-runtime\1.7.20\bcd1cc6f865e632550357fcc59f5ffd532615a8\kotlin-script-runtime-1.7.20.jar;C:\Users\mahmoud442\.gradle\caches\modules-2\files-2.1\org.jetbrains.kotlin\kotlin-daemon-embeddable\1.7.20\1e24355adad8d529d75d5b19eab55484057431ba\kotlin-daemon-embeddable-1.7.20.jar;C:\Users\mahmoud442\.gradle\caches\modules-2\files-2.1\org.jetbrains.intellij.deps\trove4j\1.0.20200330\3afb14d5f9ceb459d724e907a21145e8ff394f02\trove4j-1.0.20200330.jar;C:\Users\mahmoud442\.gradle\caches\modules-2\files-2.1\net.java.dev.jna\jna\5.6.0\330f2244e9030119ab3030fc3fededc86713d9cc\jna-5.6.0.jar;C:\Users\mahmoud442\.gradle\caches\modules-2\files-2.1\org.jetbrains.kotlin\kotlin-stdlib-common\1.7.20\e15351bdaf9fa06f009be5da7a202e4184f00ae3\kotlin-stdlib-common-1.7.20.jar;C:\Users\mahmoud442\.gradle\caches\modules-2\files-2.1\org.jetbrains\annotations\13.0\919f0dfe192fb4e063e7dacadee7f8bb9a2672a9\annotations-13.0.jar
Launcher Type: SUN_STANDARD

[Global flags]
     intx CICompilerCount                          = 4                                         {product} {ergonomic}
     uint ConcGCThreads                            = 2                                         {product} {ergonomic}
     uint G1ConcRefinementThreads                  = 8                                         {product} {ergonomic}
   size_t G1HeapRegionSize                         = 4194304                                   {product} {ergonomic}
    uintx GCDrainStackTargetSize                   = 64                                        {product} {ergonomic}
   size_t InitialHeapSize                          = 402653184                                 {product} {ergonomic}
   size_t MarkStackSize                            = 4194304                                   {product} {ergonomic}
   size_t MaxHeapSize                              = 6400507904                                {product} {ergonomic}
   size_t MinHeapDeltaBytes                        = 4194304                                   {product} {ergonomic}
   size_t MinHeapSize                              = 8388608                                   {product} {ergonomic}
    uintx NonNMethodCodeHeapSize                   = 5839372                                {pd product} {ergonomic}
    uintx NonProfiledCodeHeapSize                  = 122909434                              {pd product} {ergonomic}
    uintx ProfiledCodeHeapSize                     = 122909434                              {pd product} {ergonomic}
    uintx ReservedCodeCacheSize                    = 251658240                              {pd product} {ergonomic}
     bool SegmentedCodeCache                       = true                                      {product} {ergonomic}
   size_t SoftMaxHeapSize                          = 6400507904                             {manageable} {ergonomic}
     bool UseCompressedClassPointers               = true                           {product lp64_product} {ergonomic}
     bool UseCompressedOops                        = true                           {product lp64_product} {ergonomic}
     bool UseG1GC                                  = true                                      {product} {ergonomic}
     bool UseLargePagesIndividualAllocation        = false                                  {pd product} {ergonomic}

Logging:
Log output configuration:
 #0: stdout all=warning uptime,level,tags
 #1: stderr all=off uptime,level,tags

Environment Variables:
JAVA_HOME=C:\Program Files\Android\Android Studio\jbr
CLASSPATH=D:\project_flutter\coffee_app-v1.0.1\android\\gradle\wrapper\gradle-wrapper.jar
PATH=D:\bin\;C:\Program Files\Microsoft\jdk-11.0.20.8-hotspot\bin;C:\Program Files (x86)\Razer\ChromaBroadcast\bin;C:\Program Files\Razer\ChromaBroadcast\bin;C:\Program Files (x86)\Common Files\Oracle\Java\javapath;C:\Program Files (x86)\Rational\Rational Test;C:\Users\mahmoud442\AppData\Local\Microsoft\WindowsApps;C:\Users\mahmoud442\.dotnet\tools;C:\wamp64\bin\php\php8.1.0;C:\ProgramData\ComposerSetup\bin;C:\Program Files\Git\bin;C:\Program Files\dotnet\;C:\wamp64\bin\php\php5.6.40;C:\Users\mahmoud442\AppData\Local\Android\Sdk\platform-tools;D:\flutter\bin;C:\Program Files\Common Files\Oracle\Java\javapath;C:\Users\mahmoud442\AppData\Local\Android\Sdk\platforms;C:\Users\mahmoud442\AppData\Local\Android\Sdk\platform-tools;C:\flutter;C:\Windows\System32;C:\Users\mahmoud442\AppData\Local\Android\Sdk\build-tools;C:\ProgramData\chocolatey\bin;C:\Program Files\nodejs\;C:\Program Files (x86)\Bitvise SSH Client;C:\Program Files\OpenSSL-Win64\bin;;C:\Program Files\Docker\Docker\resources\bin;C:\Users\mahmoud442\AppData\Local\Microsoft\WindowsApps;C:\Users\mahmoud442\AppData\Roaming\Composer\vendor\bin;C:\Users\mahmoud442\AppData\Local\GitHubDesktop\bin;C:\wamp64\bin\php\php8.0.13;C:\Program Files\Git\bin;C:\Program Files\Common Files\Oracle\Java\javapath;C:\Users\mahmoud442\AppData\Local\Android\Sdk\platforms;C:\Users\mahmoud442\AppData\Local\Android\Sdk\platform-tools;C:\flutter;C:\Windows\System32;C:\Users\mahmoud442\AppData\Local\Programs\Microsoft VS Code\bin;C:\Users\mahmoud442\AppData\Roaming\npm;C:\Program Files\Docker\Docker\resources\bin;C:\Program Files\Java\jdk-17\bin;C:\Program Files\Java\jre1.8.0_351\bin;c:\windows\system32\cmd.exe;;D:\Flutter\bin\mingit\cmd
USERNAME=mahmoud442
SHELL=C:\PROGRA~2\RATIONAL\RATION~1\NUTCROOT\mksnt\sh.exe
DISPLAY=:0.0
TERM=nutc
TMPDIR=C:\Users\MAHMOU~1\AppData\Local\Temp
OS=Windows_NT
PROCESSOR_IDENTIFIER=Intel64 Family 6 Model 142 Stepping 12, GenuineIntel
TMP=C:\Users\MAHMOU~1\AppData\Local\Temp
TEMP=C:\Users\MAHMOU~1\AppData\Local\Temp



---------------  S Y S T E M  ---------------

OS:
 Windows 11 , 64 bit Build 22000 (10.0.22000.708)
OS uptime: 0 days 3:56 hours
Hyper-V role detected

CPU: total 8 (initial active 8) (4 cores per cpu, 2 threads per core) family 6 model 142 stepping 12 microcode 0xf8, cx8, cmov, fxsr, ht, mmx, 3dnowpref, sse, sse2, sse3, ssse3, sse4.1, sse4.2, popcnt, lzcnt, tsc, tscinvbit, avx, avx2, aes, erms, clmul, bmi1, bmi2, adx, fma, vzeroupper, clflush, clflushopt, hv

Memory: 4k page, system-wide physical 24403M (1568M free)
TotalPageFile size 35196M (AvailPageFile size 333M)
current process WorkingSet (physical memory assigned to process): 10M, peak: 10M
current process commit charge ("private bytes"): 60M, peak: 444M

vm_info: OpenJDK 64-Bit Server VM (17.0.6+0-b2043.56-9586694) for windows-amd64 JRE (17.0.6+0-b2043.56-9586694), built on Feb  9 2023 20:06:20 by "androidbuild" with MS VC++ 16.10 / 16.11 (VS2019)

END.
